TpTrace Verbose: 0 : 2272, 1, 2021/11/13, 21:20:49.459, 56786754682, vstest.console.dll, Version: 16.11.0
TpTrace Information: 0 : 2272, 1, 2021/11/13, 21:20:50.481, 56793892071, vstest.console.dll, FilePatternParser: The given file C:\Users\USER\Documents\GitHub\Lulus-for-coverlet-test\Lulus.UnitTests\bin\Debug\net5.0\fine-code-coverage\build-output\Lulus.UnitTests.dll is a full path.
TpTrace Verbose: 0 : 2272, 1, 2021/11/13, 21:20:50.978, 56798865085, vstest.console.dll, TestPluginCache.DiscoverTestExtensions: finding test extensions in assemblies ends with: RuntimeProvider.dll TPluginInfo: Microsoft.VisualStudio.TestPlatform.Common.ExtensionFramework.Utilities.TestRuntimePluginInformation TExtension: Microsoft.VisualStudio.TestPlatform.ObjectModel.Host.ITestRuntimeProvider
TpTrace Verbose: 0 : 2272, 1, 2021/11/13, 21:20:50.980, 56798880490, vstest.console.dll, TestPluginCache.GetExtensionPaths: Filtered extension paths: 
TpTrace Verbose: 0 : 2272, 1, 2021/11/13, 21:20:51.047, 56799546949, vstest.console.dll, TestPluginCache.GetExtensionPaths: Added default extension paths: C:\Program Files\dotnet\sdk\5.0.402\Extensions\Microsoft.Diagnostics.NETCore.Client.dll
C:\Program Files\dotnet\sdk\5.0.402\Extensions\Microsoft.TestPlatform.Extensions.BlameDataCollector.dll
C:\Program Files\dotnet\sdk\5.0.402\Extensions\Microsoft.TestPlatform.Extensions.EventLogCollector.dll
C:\Program Files\dotnet\sdk\5.0.402\Extensions\Microsoft.TestPlatform.TestHostRuntimeProvider.dll
C:\Program Files\dotnet\sdk\5.0.402\Extensions\Microsoft.VisualStudio.TestPlatform.Extensions.Html.TestLogger.dll
C:\Program Files\dotnet\sdk\5.0.402\Extensions\Microsoft.VisualStudio.TestPlatform.Extensions.Trx.TestLogger.dll
TpTrace Verbose: 0 : 2272, 1, 2021/11/13, 21:20:51.047, 56799548674, vstest.console.dll, TestPluginCache.GetExtensionPaths: Added unfilterableExtensionPaths: 
TpTrace Information: 0 : 2272, 1, 2021/11/13, 21:20:51.049, 56799567837, vstest.console.dll, AssemblyResolver.ctor: Creating AssemblyResolver with searchDirectories C:\Program Files\dotnet\sdk\5.0.402\Extensions,C:\Program Files\dotnet\sdk\5.0.402
TpTrace Verbose: 0 : 2272, 1, 2021/11/13, 21:20:51.096, 56800035947, vstest.console.dll, TestPluginCache.DiscoverTestExtensions: Discovering the extensions using extension path.
TpTrace Verbose: 0 : 2272, 1, 2021/11/13, 21:20:51.096, 56800039349, vstest.console.dll, TestPluginCache.GetExtensionPaths: Filtered extension paths: 
TpTrace Verbose: 0 : 2272, 1, 2021/11/13, 21:20:51.096, 56800040667, vstest.console.dll, TestPluginCache.GetExtensionPaths: Added default extension paths: C:\Program Files\dotnet\sdk\5.0.402\Extensions\Microsoft.Diagnostics.NETCore.Client.dll
C:\Program Files\dotnet\sdk\5.0.402\Extensions\Microsoft.TestPlatform.Extensions.BlameDataCollector.dll
C:\Program Files\dotnet\sdk\5.0.402\Extensions\Microsoft.TestPlatform.Extensions.EventLogCollector.dll
C:\Program Files\dotnet\sdk\5.0.402\Extensions\Microsoft.TestPlatform.TestHostRuntimeProvider.dll
C:\Program Files\dotnet\sdk\5.0.402\Extensions\Microsoft.VisualStudio.TestPlatform.Extensions.Html.TestLogger.dll
C:\Program Files\dotnet\sdk\5.0.402\Extensions\Microsoft.VisualStudio.TestPlatform.Extensions.Trx.TestLogger.dll
TpTrace Verbose: 0 : 2272, 1, 2021/11/13, 21:20:51.096, 56800041626, vstest.console.dll, TestPluginCache.GetExtensionPaths: Added unfilterableExtensionPaths: 
TpTrace Verbose: 0 : 2272, 1, 2021/11/13, 21:20:51.096, 56800043630, vstest.console.dll, TestPluginCache.DiscoverTestExtensions: Discovering the extensions using allExtensionPaths: C:\Program Files\dotnet\sdk\5.0.402\Extensions\Microsoft.Diagnostics.NETCore.Client.dll
C:\Program Files\dotnet\sdk\5.0.402\Extensions\Microsoft.TestPlatform.Extensions.BlameDataCollector.dll
C:\Program Files\dotnet\sdk\5.0.402\Extensions\Microsoft.TestPlatform.Extensions.EventLogCollector.dll
C:\Program Files\dotnet\sdk\5.0.402\Extensions\Microsoft.TestPlatform.TestHostRuntimeProvider.dll
C:\Program Files\dotnet\sdk\5.0.402\Extensions\Microsoft.VisualStudio.TestPlatform.Extensions.Html.TestLogger.dll
C:\Program Files\dotnet\sdk\5.0.402\Extensions\Microsoft.VisualStudio.TestPlatform.Extensions.Trx.TestLogger.dll
TpTrace Information: 0 : 2272, 1, 2021/11/13, 21:20:51.097, 56800047232, vstest.console.dll, AssemblyResolver.AddSearchDirectories: Adding more searchDirectories C:\Program Files\dotnet\sdk\5.0.402\Extensions,C:\Program Files\dotnet\sdk\5.0.402
TpTrace Information: 0 : 2272, 1, 2021/11/13, 21:20:51.097, 56800049266, vstest.console.dll, AssemblyResolver.AddSearchDirectories: Adding more searchDirectories C:\Program Files\dotnet\sdk\5.0.402\Extensions,C:\Program Files\dotnet\sdk\5.0.402
TpTrace Information: 0 : 2272, 1, 2021/11/13, 21:20:51.097, 56800050632, vstest.console.dll, AssemblyResolver.AddSearchDirectories: Adding more searchDirectories C:\Program Files\dotnet\sdk\5.0.402\Extensions,C:\Program Files\dotnet\sdk\5.0.402
TpTrace Information: 0 : 2272, 1, 2021/11/13, 21:20:51.097, 56800051698, vstest.console.dll, AssemblyResolver.AddSearchDirectories: Adding more searchDirectories C:\Program Files\dotnet\sdk\5.0.402\Extensions,C:\Program Files\dotnet\sdk\5.0.402
TpTrace Information: 0 : 2272, 1, 2021/11/13, 21:20:51.097, 56800053177, vstest.console.dll, AssemblyResolver.AddSearchDirectories: Adding more searchDirectories C:\Program Files\dotnet\sdk\5.0.402\Extensions,C:\Program Files\dotnet\sdk\5.0.402
TpTrace Information: 0 : 2272, 1, 2021/11/13, 21:20:51.097, 56800054137, vstest.console.dll, AssemblyResolver.AddSearchDirectories: Adding more searchDirectories C:\Program Files\dotnet\sdk\5.0.402\Extensions,C:\Program Files\dotnet\sdk\5.0.402
TpTrace Information: 0 : 2272, 1, 2021/11/13, 21:20:51.179, 56800873717, vstest.console.dll, AssemblyResolver.OnResolve: Microsoft.Diagnostics.NETCore.Client: Resolving assembly.
TpTrace Information: 0 : 2272, 1, 2021/11/13, 21:20:51.180, 56800875502, vstest.console.dll, AssemblyResolver.OnResolve: Microsoft.Diagnostics.NETCore.Client: Searching in: 'C:\Program Files\dotnet\sdk\5.0.402\Extensions'.
TpTrace Information: 0 : 2272, 1, 2021/11/13, 21:20:51.258, 56801655565, vstest.console.dll, AssemblyResolver.OnResolve: Microsoft.Diagnostics.NETCore.Client: Loading assembly 'C:\Program Files\dotnet\sdk\5.0.402\Extensions\Microsoft.Diagnostics.NETCore.Client.dll'.
TpTrace Information: 0 : 2272, 1, 2021/11/13, 21:20:51.260, 56801681590, vstest.console.dll, AssemblyResolver.OnResolve: Resolved assembly: Microsoft.Diagnostics.NETCore.Client, from path: C:\Program Files\dotnet\sdk\5.0.402\Extensions\Microsoft.Diagnostics.NETCore.Client.dll
TpTrace Information: 0 : 2272, 1, 2021/11/13, 21:20:51.342, 56802503786, vstest.console.dll, AssemblyResolver.OnResolve: Microsoft.Bcl.AsyncInterfaces: Resolving assembly.
TpTrace Information: 0 : 2272, 1, 2021/11/13, 21:20:51.343, 56802505519, vstest.console.dll, AssemblyResolver.OnResolve: Microsoft.Bcl.AsyncInterfaces: Searching in: 'C:\Program Files\dotnet\sdk\5.0.402\Extensions'.
TpTrace Information: 0 : 2272, 1, 2021/11/13, 21:20:51.343, 56802507220, vstest.console.dll, AssemblyResolver.OnResolve: Microsoft.Bcl.AsyncInterfaces: Assembly path does not exist: 'C:\Program Files\dotnet\sdk\5.0.402\Extensions\Microsoft.Bcl.AsyncInterfaces.dll', returning.
TpTrace Information: 0 : 2272, 1, 2021/11/13, 21:20:51.343, 56802508898, vstest.console.dll, AssemblyResolver.OnResolve: Microsoft.Bcl.AsyncInterfaces: Assembly path does not exist: 'C:\Program Files\dotnet\sdk\5.0.402\Extensions\Microsoft.Bcl.AsyncInterfaces.exe', returning.
TpTrace Information: 0 : 2272, 1, 2021/11/13, 21:20:51.343, 56802509635, vstest.console.dll, AssemblyResolver.OnResolve: Microsoft.Bcl.AsyncInterfaces: Searching in: 'C:\Program Files\dotnet\sdk\5.0.402'.
TpTrace Information: 0 : 2272, 1, 2021/11/13, 21:20:51.343, 56802510931, vstest.console.dll, AssemblyResolver.OnResolve: Microsoft.Bcl.AsyncInterfaces: Assembly path does not exist: 'C:\Program Files\dotnet\sdk\5.0.402\Microsoft.Bcl.AsyncInterfaces.dll', returning.
TpTrace Information: 0 : 2272, 1, 2021/11/13, 21:20:51.343, 56802513909, vstest.console.dll, AssemblyResolver.OnResolve: Microsoft.Bcl.AsyncInterfaces: Assembly path does not exist: 'C:\Program Files\dotnet\sdk\5.0.402\Microsoft.Bcl.AsyncInterfaces.exe', returning.
TpTrace Information: 0 : 2272, 1, 2021/11/13, 21:20:51.344, 56802515634, vstest.console.dll, AssemblyResolver.OnResolve: Microsoft.Bcl.AsyncInterfaces: Failed to load assembly.
TpTrace Verbose: 0 : 2272, 1, 2021/11/13, 21:20:51.344, 56802517351, vstest.console.dll, CurrentDomainAssemblyResolve: Resolving assembly 'Microsoft.Bcl.AsyncInterfaces'.
TpTrace Information: 0 : 2272, 1, 2021/11/13, 21:20:51.344, 56802518721, vstest.console.dll, AssemblyResolver.OnResolve: Microsoft.Bcl.AsyncInterfaces: Resolving assembly.
TpTrace Information: 0 : 2272, 1, 2021/11/13, 21:20:51.344, 56802519633, vstest.console.dll, AssemblyResolver.OnResolve: Microsoft.Bcl.AsyncInterfaces: Resolved from cache.
TpTrace Verbose: 0 : 2272, 1, 2021/11/13, 21:20:51.344, 56802520412, vstest.console.dll, CurrentDomainAssemblyResolve: Resolving assembly 'Microsoft.Bcl.AsyncInterfaces'.
TpTrace Verbose: 0 : 2272, 1, 2021/11/13, 21:20:51.344, 56802521235, vstest.console.dll, CurrentDomainAssemblyResolve: Failed to resolve assembly 'Microsoft.Bcl.AsyncInterfaces'.
TpTrace Verbose: 0 : 2272, 1, 2021/11/13, 21:20:51.715, 56806225284, vstest.console.dll, CurrentDomainAssemblyResolve: Failed to resolve assembly 'Microsoft.Bcl.AsyncInterfaces'.
TpTrace Warning: 0 : 2272, 1, 2021/11/13, 21:21:01.621, 56905288318, vstest.console.dll, TestPluginDiscoverer: Failed to get types from assembly 'Microsoft.Diagnostics.NETCore.Client, Version=0.2.2.41902, Culture=neutral, PublicKeyToken=31bf3856ad364e35'.  Skipping test extension scan for this assembly.  Error: System.Reflection.ReflectionTypeLoadException: Unable to load one or more of the requested types.
Could not load file or assembly 'Microsoft.Bcl.AsyncInterfaces, Version=1.0.0.0, Culture=neutral, PublicKeyToken=cc7b13ffcd2ddd51'. The system cannot find the file specified.
   at System.Reflection.RuntimeModule.GetTypes(RuntimeModule module)
   at System.Reflection.RuntimeModule.GetTypes()
   at System.Reflection.Assembly.GetTypes()
   at Microsoft.VisualStudio.TestPlatform.Common.ExtensionFramework.TestPluginDiscoverer.GetTestExtensionsFromAssembly[TPluginInfo,TExtension](Assembly assembly, Dictionary`2 pluginInfos)
System.IO.FileNotFoundException: Could not load file or assembly 'Microsoft.Bcl.AsyncInterfaces, Version=1.0.0.0, Culture=neutral, PublicKeyToken=cc7b13ffcd2ddd51'. The system cannot find the file specified.
File name: 'Microsoft.Bcl.AsyncInterfaces, Version=1.0.0.0, Culture=neutral, PublicKeyToken=cc7b13ffcd2ddd51'
TpTrace Warning: 0 : 2272, 1, 2021/11/13, 21:21:01.621, 56905290790, vstest.console.dll, LoaderExceptions: System.IO.FileNotFoundException: Could not load file or assembly 'Microsoft.Bcl.AsyncInterfaces, Version=1.0.0.0, Culture=neutral, PublicKeyToken=cc7b13ffcd2ddd51'. The system cannot find the file specified.
File name: 'Microsoft.Bcl.AsyncInterfaces, Version=1.0.0.0, Culture=neutral, PublicKeyToken=cc7b13ffcd2ddd51'
TpTrace Information: 0 : 2272, 1, 2021/11/13, 21:21:01.621, 56905293178, vstest.console.dll, AssemblyResolver.OnResolve: Microsoft.TestPlatform.Extensions.BlameDataCollector: Resolving assembly.
TpTrace Information: 0 : 2272, 1, 2021/11/13, 21:21:01.621, 56905294500, vstest.console.dll, AssemblyResolver.OnResolve: Microsoft.TestPlatform.Extensions.BlameDataCollector: Searching in: 'C:\Program Files\dotnet\sdk\5.0.402\Extensions'.
TpTrace Information: 0 : 2272, 1, 2021/11/13, 21:21:01.856, 56907637765, vstest.console.dll, AssemblyResolver.OnResolve: Microsoft.TestPlatform.Extensions.BlameDataCollector: Loading assembly 'C:\Program Files\dotnet\sdk\5.0.402\Extensions\Microsoft.TestPlatform.Extensions.BlameDataCollector.dll'.
TpTrace Information: 0 : 2272, 1, 2021/11/13, 21:21:02.003, 56909114052, vstest.console.dll, AssemblyResolver.OnResolve: Resolved assembly: Microsoft.TestPlatform.Extensions.BlameDataCollector, from path: C:\Program Files\dotnet\sdk\5.0.402\Extensions\Microsoft.TestPlatform.Extensions.BlameDataCollector.dll
TpTrace Information: 0 : 2272, 1, 2021/11/13, 21:21:03.014, 56919217329, vstest.console.dll, AssemblyResolver.OnResolve: Microsoft.TestPlatform.Extensions.EventLogCollector: Resolving assembly.
TpTrace Information: 0 : 2272, 1, 2021/11/13, 21:21:03.014, 56919218579, vstest.console.dll, AssemblyResolver.OnResolve: Microsoft.TestPlatform.Extensions.EventLogCollector: Searching in: 'C:\Program Files\dotnet\sdk\5.0.402\Extensions'.
TpTrace Information: 0 : 2272, 1, 2021/11/13, 21:21:03.184, 56920915716, vstest.console.dll, AssemblyResolver.OnResolve: Microsoft.TestPlatform.Extensions.EventLogCollector: Loading assembly 'C:\Program Files\dotnet\sdk\5.0.402\Extensions\Microsoft.TestPlatform.Extensions.EventLogCollector.dll'.
TpTrace Information: 0 : 2272, 1, 2021/11/13, 21:21:03.185, 56920930185, vstest.console.dll, AssemblyResolver.OnResolve: Resolved assembly: Microsoft.TestPlatform.Extensions.EventLogCollector, from path: C:\Program Files\dotnet\sdk\5.0.402\Extensions\Microsoft.TestPlatform.Extensions.EventLogCollector.dll
TpTrace Information: 0 : 2272, 1, 2021/11/13, 21:21:03.221, 56921293257, vstest.console.dll, AssemblyResolver.OnResolve: Microsoft.TestPlatform.TestHostRuntimeProvider: Resolving assembly.
TpTrace Information: 0 : 2272, 1, 2021/11/13, 21:21:03.221, 56921294372, vstest.console.dll, AssemblyResolver.OnResolve: Microsoft.TestPlatform.TestHostRuntimeProvider: Searching in: 'C:\Program Files\dotnet\sdk\5.0.402\Extensions'.
TpTrace Information: 0 : 2272, 1, 2021/11/13, 21:21:03.232, 56921403789, vstest.console.dll, AssemblyResolver.OnResolve: Microsoft.TestPlatform.TestHostRuntimeProvider: Loading assembly 'C:\Program Files\dotnet\sdk\5.0.402\Extensions\Microsoft.TestPlatform.TestHostRuntimeProvider.dll'.
TpTrace Information: 0 : 2272, 1, 2021/11/13, 21:21:03.234, 56921416142, vstest.console.dll, AssemblyResolver.OnResolve: Resolved assembly: Microsoft.TestPlatform.TestHostRuntimeProvider, from path: C:\Program Files\dotnet\sdk\5.0.402\Extensions\Microsoft.TestPlatform.TestHostRuntimeProvider.dll
TpTrace Information: 0 : 2272, 1, 2021/11/13, 21:21:03.338, 56922464401, vstest.console.dll, AssemblyResolver.OnResolve: Microsoft.VisualStudio.TestPlatform.Extensions.Html.TestLogger: Resolving assembly.
TpTrace Information: 0 : 2272, 1, 2021/11/13, 21:21:03.339, 56922465917, vstest.console.dll, AssemblyResolver.OnResolve: Microsoft.VisualStudio.TestPlatform.Extensions.Html.TestLogger: Searching in: 'C:\Program Files\dotnet\sdk\5.0.402\Extensions'.
TpTrace Information: 0 : 2272, 1, 2021/11/13, 21:21:03.347, 56922549784, vstest.console.dll, AssemblyResolver.OnResolve: Microsoft.VisualStudio.TestPlatform.Extensions.Html.TestLogger: Loading assembly 'C:\Program Files\dotnet\sdk\5.0.402\Extensions\Microsoft.VisualStudio.TestPlatform.Extensions.Html.TestLogger.dll'.
TpTrace Information: 0 : 2272, 1, 2021/11/13, 21:21:03.349, 56922573791, vstest.console.dll, AssemblyResolver.OnResolve: Resolved assembly: Microsoft.VisualStudio.TestPlatform.Extensions.Html.TestLogger, from path: C:\Program Files\dotnet\sdk\5.0.402\Extensions\Microsoft.VisualStudio.TestPlatform.Extensions.Html.TestLogger.dll
TpTrace Information: 0 : 2272, 1, 2021/11/13, 21:21:03.350, 56922580522, vstest.console.dll, AssemblyResolver.OnResolve: Microsoft.VisualStudio.TestPlatform.Extensions.Trx.TestLogger: Resolving assembly.
TpTrace Information: 0 : 2272, 1, 2021/11/13, 21:21:03.350, 56922582081, vstest.console.dll, AssemblyResolver.OnResolve: Microsoft.VisualStudio.TestPlatform.Extensions.Trx.TestLogger: Searching in: 'C:\Program Files\dotnet\sdk\5.0.402\Extensions'.
TpTrace Information: 0 : 2272, 1, 2021/11/13, 21:21:03.412, 56923200685, vstest.console.dll, AssemblyResolver.OnResolve: Microsoft.VisualStudio.TestPlatform.Extensions.Trx.TestLogger: Loading assembly 'C:\Program Files\dotnet\sdk\5.0.402\Extensions\Microsoft.VisualStudio.TestPlatform.Extensions.Trx.TestLogger.dll'.
TpTrace Information: 0 : 2272, 1, 2021/11/13, 21:21:03.415, 56923228180, vstest.console.dll, AssemblyResolver.OnResolve: Resolved assembly: Microsoft.VisualStudio.TestPlatform.Extensions.Trx.TestLogger, from path: C:\Program Files\dotnet\sdk\5.0.402\Extensions\Microsoft.VisualStudio.TestPlatform.Extensions.Trx.TestLogger.dll
TpTrace Verbose: 0 : 2272, 1, 2021/11/13, 21:21:03.416, 56923240962, vstest.console.dll, TestPluginCache: Discovered the extensions using extension path ''.
TpTrace Verbose: 0 : 2272, 1, 2021/11/13, 21:21:03.416, 56923242598, vstest.console.dll, TestPluginCache: Discoverers are ''.
TpTrace Verbose: 0 : 2272, 1, 2021/11/13, 21:21:03.416, 56923243493, vstest.console.dll, TestPluginCache: Executors are ''.
TpTrace Verbose: 0 : 2272, 1, 2021/11/13, 21:21:03.416, 56923244205, vstest.console.dll, TestPluginCache: Executors2 are ''.
TpTrace Verbose: 0 : 2272, 1, 2021/11/13, 21:21:03.416, 56923245019, vstest.console.dll, TestPluginCache: Setting providers are ''.
TpTrace Verbose: 0 : 2272, 1, 2021/11/13, 21:21:03.417, 56923245718, vstest.console.dll, TestPluginCache: Loggers are ''.
TpTrace Information: 0 : 2272, 1, 2021/11/13, 21:21:03.740, 56926480662, vstest.console.dll, RunTestsArgumentProcessor:Execute: Test run is starting.
TpTrace Verbose: 0 : 2272, 1, 2021/11/13, 21:21:03.740, 56926482714, vstest.console.dll, RunTestsArgumentProcessor:Execute: Queuing Test run.
TpTrace Information: 0 : 2272, 1, 2021/11/13, 21:21:03.802, 56927104819, vstest.console.dll, TestRequestManager.RunTests: run tests started.
TpTrace Information: 0 : 2272, 1, 2021/11/13, 21:21:03.873, 56927814028, vstest.console.dll, AssemblyMetadataProvider.GetFrameWork: Determined framework:'.NETCoreApp,Version=v5.0' for source: 'C:\Users\USER\Documents\GitHub\Lulus-for-coverlet-test\Lulus.UnitTests\bin\Debug\net5.0\fine-code-coverage\build-output\Lulus.UnitTests.dll'
TpTrace Information: 0 : 2272, 1, 2021/11/13, 21:21:03.874, 56927817301, vstest.console.dll, Determined framework for all sources: .NETCoreApp,Version=v5.0
TpTrace Information: 0 : 2272, 1, 2021/11/13, 21:21:03.875, 56927825600, vstest.console.dll, AssemblyMetadataProvider.GetArchitecture: Determined architecture:AnyCPU info for assembly: C:\Users\USER\Documents\GitHub\Lulus-for-coverlet-test\Lulus.UnitTests\bin\Debug\net5.0\fine-code-coverage\build-output\Lulus.UnitTests.dll
TpTrace Information: 0 : 2272, 1, 2021/11/13, 21:21:03.878, 56927865223, vstest.console.dll, Determined platform for all sources: X64
TpTrace Information: 0 : 2272, 1, 2021/11/13, 21:21:03.933, 56928409657, vstest.console.dll, Compatible sources list : 
TpTrace Information: 0 : 2272, 1, 2021/11/13, 21:21:03.933, 56928412144, vstest.console.dll, C:\Users\USER\Documents\GitHub\Lulus-for-coverlet-test\Lulus.UnitTests\bin\Debug\net5.0\fine-code-coverage\build-output\Lulus.UnitTests.dll
TpTrace Information: 0 : 2272, 1, 2021/11/13, 21:21:04.355, 56932625330, vstest.console.dll, InferRunSettingsHelper.IsTestSettingsEnabled: Unable to navigate to RunSettings/MSTest. Current node: RunSettings
TpTrace Information: 0 : 2272, 1, 2021/11/13, 21:21:04.356, 56932640287, vstest.console.dll, AssemblyResolver.OnResolve: Microsoft.VisualStudio.TestPlatform.Fakes: Resolving assembly.
TpTrace Information: 0 : 2272, 1, 2021/11/13, 21:21:04.356, 56932642074, vstest.console.dll, AssemblyResolver.OnResolve: Microsoft.VisualStudio.TestPlatform.Fakes: Searching in: 'C:\Program Files\dotnet\sdk\5.0.402\Extensions'.
TpTrace Information: 0 : 2272, 1, 2021/11/13, 21:21:04.356, 56932643563, vstest.console.dll, AssemblyResolver.OnResolve: Microsoft.VisualStudio.TestPlatform.Fakes: Assembly path does not exist: 'C:\Program Files\dotnet\sdk\5.0.402\Extensions\Microsoft.VisualStudio.TestPlatform.Fakes.dll', returning.
TpTrace Information: 0 : 2272, 1, 2021/11/13, 21:21:04.356, 56932644846, vstest.console.dll, AssemblyResolver.OnResolve: Microsoft.VisualStudio.TestPlatform.Fakes: Assembly path does not exist: 'C:\Program Files\dotnet\sdk\5.0.402\Extensions\Microsoft.VisualStudio.TestPlatform.Fakes.exe', returning.
TpTrace Information: 0 : 2272, 1, 2021/11/13, 21:21:04.357, 56932645546, vstest.console.dll, AssemblyResolver.OnResolve: Microsoft.VisualStudio.TestPlatform.Fakes: Searching in: 'C:\Program Files\dotnet\sdk\5.0.402'.
TpTrace Information: 0 : 2272, 1, 2021/11/13, 21:21:04.357, 56932647769, vstest.console.dll, AssemblyResolver.OnResolve: Microsoft.VisualStudio.TestPlatform.Fakes: Assembly path does not exist: 'C:\Program Files\dotnet\sdk\5.0.402\Microsoft.VisualStudio.TestPlatform.Fakes.dll', returning.
TpTrace Information: 0 : 2272, 1, 2021/11/13, 21:21:04.357, 56932649442, vstest.console.dll, AssemblyResolver.OnResolve: Microsoft.VisualStudio.TestPlatform.Fakes: Assembly path does not exist: 'C:\Program Files\dotnet\sdk\5.0.402\Microsoft.VisualStudio.TestPlatform.Fakes.exe', returning.
TpTrace Information: 0 : 2272, 1, 2021/11/13, 21:21:04.357, 56932650132, vstest.console.dll, AssemblyResolver.OnResolve: Microsoft.VisualStudio.TestPlatform.Fakes: Failed to load assembly.
TpTrace Information: 0 : 2272, 1, 2021/11/13, 21:21:04.434, 56933422136, vstest.console.dll, Failed to create newly implemented Fakes Configurator. Reason:System.IO.FileNotFoundException: Could not load file or assembly 'Microsoft.VisualStudio.TestPlatform.Fakes, Version=16.0.0.0, Culture=neutral, PublicKeyToken=null'. The system cannot find the file specified.
File name: 'Microsoft.VisualStudio.TestPlatform.Fakes, Version=16.0.0.0, Culture=neutral, PublicKeyToken=null'
   at System.Reflection.RuntimeAssembly.InternalLoad(ObjectHandleOnStack assemblyName, ObjectHandleOnStack requestingAssembly, StackCrawlMarkHandle stackMark, Boolean throwOnFileNotFound, ObjectHandleOnStack assemblyLoadContext, ObjectHandleOnStack retAssembly)
   at System.Reflection.RuntimeAssembly.InternalLoad(AssemblyName assemblyName, RuntimeAssembly requestingAssembly, StackCrawlMark& stackMark, Boolean throwOnFileNotFound, AssemblyLoadContext assemblyLoadContext)
   at System.Reflection.Assembly.Load(AssemblyName assemblyRef)
   at Microsoft.VisualStudio.TestPlatform.Common.Utilities.FakesUtilities.TryGetFakesCrossPlatformDataCollectorConfigurator() 
TpTrace Verbose: 0 : 2272, 1, 2021/11/13, 21:21:04.515, 56934226963, vstest.console.dll, TestPluginCache.DiscoverTestExtensions: finding test extensions in assemblies ends with: TestLogger.dll TPluginInfo: Microsoft.VisualStudio.TestPlatform.Common.ExtensionFramework.Utilities.TestLoggerPluginInformation TExtension: Microsoft.VisualStudio.TestPlatform.ObjectModel.Client.ITestLogger
TpTrace Verbose: 0 : 2272, 1, 2021/11/13, 21:21:04.515, 56934229710, vstest.console.dll, TestPluginCache.GetExtensionPaths: Filtered extension paths: 
TpTrace Verbose: 0 : 2272, 1, 2021/11/13, 21:21:04.515, 56934230727, vstest.console.dll, TestPluginCache.GetExtensionPaths: Added default extension paths: C:\Program Files\dotnet\sdk\5.0.402\Extensions\Microsoft.Diagnostics.NETCore.Client.dll
C:\Program Files\dotnet\sdk\5.0.402\Extensions\Microsoft.TestPlatform.Extensions.BlameDataCollector.dll
C:\Program Files\dotnet\sdk\5.0.402\Extensions\Microsoft.TestPlatform.Extensions.EventLogCollector.dll
C:\Program Files\dotnet\sdk\5.0.402\Extensions\Microsoft.TestPlatform.TestHostRuntimeProvider.dll
C:\Program Files\dotnet\sdk\5.0.402\Extensions\Microsoft.VisualStudio.TestPlatform.Extensions.Html.TestLogger.dll
C:\Program Files\dotnet\sdk\5.0.402\Extensions\Microsoft.VisualStudio.TestPlatform.Extensions.Trx.TestLogger.dll
TpTrace Verbose: 0 : 2272, 1, 2021/11/13, 21:21:04.515, 56934231747, vstest.console.dll, TestPluginCache.GetExtensionPaths: Added unfilterableExtensionPaths: 
TpTrace Information: 0 : 2272, 1, 2021/11/13, 21:21:04.516, 56934235219, vstest.console.dll, AssemblyResolver.AddSearchDirectories: Adding more searchDirectories C:\Program Files\dotnet\sdk\5.0.402\Extensions,C:\Program Files\dotnet\sdk\5.0.402
TpTrace Verbose: 0 : 2272, 1, 2021/11/13, 21:21:04.516, 56934236520, vstest.console.dll, TestPluginCache.DiscoverTestExtensions: Discovering the extensions using extension path.
TpTrace Verbose: 0 : 2272, 1, 2021/11/13, 21:21:04.516, 56934237349, vstest.console.dll, TestPluginCache.GetExtensionPaths: Filtered extension paths: 
TpTrace Verbose: 0 : 2272, 1, 2021/11/13, 21:21:04.516, 56934238189, vstest.console.dll, TestPluginCache.GetExtensionPaths: Added default extension paths: C:\Program Files\dotnet\sdk\5.0.402\Extensions\Microsoft.Diagnostics.NETCore.Client.dll
C:\Program Files\dotnet\sdk\5.0.402\Extensions\Microsoft.TestPlatform.Extensions.BlameDataCollector.dll
C:\Program Files\dotnet\sdk\5.0.402\Extensions\Microsoft.TestPlatform.Extensions.EventLogCollector.dll
C:\Program Files\dotnet\sdk\5.0.402\Extensions\Microsoft.TestPlatform.TestHostRuntimeProvider.dll
C:\Program Files\dotnet\sdk\5.0.402\Extensions\Microsoft.VisualStudio.TestPlatform.Extensions.Html.TestLogger.dll
C:\Program Files\dotnet\sdk\5.0.402\Extensions\Microsoft.VisualStudio.TestPlatform.Extensions.Trx.TestLogger.dll
TpTrace Verbose: 0 : 2272, 1, 2021/11/13, 21:21:04.560, 56934677202, vstest.console.dll, TestPluginCache.GetExtensionPaths: Added unfilterableExtensionPaths: 
TpTrace Verbose: 0 : 2272, 1, 2021/11/13, 21:21:04.560, 56934678691, vstest.console.dll, TestPluginCache.DiscoverTestExtensions: Discovering the extensions using allExtensionPaths: C:\Program Files\dotnet\sdk\5.0.402\Extensions\Microsoft.Diagnostics.NETCore.Client.dll
C:\Program Files\dotnet\sdk\5.0.402\Extensions\Microsoft.TestPlatform.Extensions.BlameDataCollector.dll
C:\Program Files\dotnet\sdk\5.0.402\Extensions\Microsoft.TestPlatform.Extensions.EventLogCollector.dll
C:\Program Files\dotnet\sdk\5.0.402\Extensions\Microsoft.TestPlatform.TestHostRuntimeProvider.dll
C:\Program Files\dotnet\sdk\5.0.402\Extensions\Microsoft.VisualStudio.TestPlatform.Extensions.Html.TestLogger.dll
C:\Program Files\dotnet\sdk\5.0.402\Extensions\Microsoft.VisualStudio.TestPlatform.Extensions.Trx.TestLogger.dll
TpTrace Information: 0 : 2272, 1, 2021/11/13, 21:21:04.560, 56934680241, vstest.console.dll, AssemblyResolver.AddSearchDirectories: Adding more searchDirectories C:\Program Files\dotnet\sdk\5.0.402\Extensions,C:\Program Files\dotnet\sdk\5.0.402
TpTrace Information: 0 : 2272, 1, 2021/11/13, 21:21:04.560, 56934681097, vstest.console.dll, AssemblyResolver.AddSearchDirectories: Adding more searchDirectories C:\Program Files\dotnet\sdk\5.0.402\Extensions,C:\Program Files\dotnet\sdk\5.0.402
TpTrace Information: 0 : 2272, 1, 2021/11/13, 21:21:04.560, 56934681817, vstest.console.dll, AssemblyResolver.AddSearchDirectories: Adding more searchDirectories C:\Program Files\dotnet\sdk\5.0.402\Extensions,C:\Program Files\dotnet\sdk\5.0.402
TpTrace Information: 0 : 2272, 1, 2021/11/13, 21:21:04.560, 56934682769, vstest.console.dll, AssemblyResolver.AddSearchDirectories: Adding more searchDirectories C:\Program Files\dotnet\sdk\5.0.402\Extensions,C:\Program Files\dotnet\sdk\5.0.402
TpTrace Information: 0 : 2272, 1, 2021/11/13, 21:21:04.560, 56934683739, vstest.console.dll, AssemblyResolver.AddSearchDirectories: Adding more searchDirectories C:\Program Files\dotnet\sdk\5.0.402\Extensions,C:\Program Files\dotnet\sdk\5.0.402
TpTrace Information: 0 : 2272, 1, 2021/11/13, 21:21:04.560, 56934684391, vstest.console.dll, AssemblyResolver.AddSearchDirectories: Adding more searchDirectories C:\Program Files\dotnet\sdk\5.0.402\Extensions,C:\Program Files\dotnet\sdk\5.0.402
TpTrace Information: 0 : 2272, 1, 2021/11/13, 21:21:04.591, 56934994006, vstest.console.dll, AssemblyResolver.OnResolve: Microsoft.Bcl.AsyncInterfaces: Resolving assembly.
TpTrace Information: 0 : 2272, 1, 2021/11/13, 21:21:04.592, 56934995316, vstest.console.dll, AssemblyResolver.OnResolve: Microsoft.Bcl.AsyncInterfaces: Resolved from cache.
TpTrace Verbose: 0 : 2272, 1, 2021/11/13, 21:21:04.592, 56934996079, vstest.console.dll, CurrentDomainAssemblyResolve: Resolving assembly 'Microsoft.Bcl.AsyncInterfaces'.
TpTrace Information: 0 : 2272, 1, 2021/11/13, 21:21:04.592, 56934997150, vstest.console.dll, AssemblyResolver.OnResolve: Microsoft.Bcl.AsyncInterfaces: Resolving assembly.
TpTrace Information: 0 : 2272, 1, 2021/11/13, 21:21:04.592, 56934997716, vstest.console.dll, AssemblyResolver.OnResolve: Microsoft.Bcl.AsyncInterfaces: Resolved from cache.
TpTrace Verbose: 0 : 2272, 1, 2021/11/13, 21:21:04.592, 56934998270, vstest.console.dll, CurrentDomainAssemblyResolve: Resolving assembly 'Microsoft.Bcl.AsyncInterfaces'.
TpTrace Verbose: 0 : 2272, 1, 2021/11/13, 21:21:04.592, 56934999102, vstest.console.dll, CurrentDomainAssemblyResolve: Failed to resolve assembly 'Microsoft.Bcl.AsyncInterfaces'.
TpTrace Verbose: 0 : 2272, 1, 2021/11/13, 21:21:04.592, 56935001697, vstest.console.dll, CurrentDomainAssemblyResolve: Failed to resolve assembly 'Microsoft.Bcl.AsyncInterfaces'.
TpTrace Warning: 0 : 2272, 1, 2021/11/13, 21:21:04.593, 56935007189, vstest.console.dll, TestPluginDiscoverer: Failed to get types from assembly 'Microsoft.Diagnostics.NETCore.Client, Version=0.2.2.41902, Culture=neutral, PublicKeyToken=31bf3856ad364e35'.  Skipping test extension scan for this assembly.  Error: System.Reflection.ReflectionTypeLoadException: Unable to load one or more of the requested types.
Could not load file or assembly 'Microsoft.Bcl.AsyncInterfaces, Version=1.0.0.0, Culture=neutral, PublicKeyToken=cc7b13ffcd2ddd51'. The system cannot find the file specified.
   at System.Reflection.RuntimeModule.GetTypes(RuntimeModule module)
   at System.Reflection.RuntimeModule.GetTypes()
   at System.Reflection.Assembly.GetTypes()
   at Microsoft.VisualStudio.TestPlatform.Common.ExtensionFramework.TestPluginDiscoverer.GetTestExtensionsFromAssembly[TPluginInfo,TExtension](Assembly assembly, Dictionary`2 pluginInfos)
System.IO.FileNotFoundException: Could not load file or assembly 'Microsoft.Bcl.AsyncInterfaces, Version=1.0.0.0, Culture=neutral, PublicKeyToken=cc7b13ffcd2ddd51'. The system cannot find the file specified.
File name: 'Microsoft.Bcl.AsyncInterfaces, Version=1.0.0.0, Culture=neutral, PublicKeyToken=cc7b13ffcd2ddd51'
TpTrace Warning: 0 : 2272, 1, 2021/11/13, 21:21:04.593, 56935008377, vstest.console.dll, LoaderExceptions: System.IO.FileNotFoundException: Could not load file or assembly 'Microsoft.Bcl.AsyncInterfaces, Version=1.0.0.0, Culture=neutral, PublicKeyToken=cc7b13ffcd2ddd51'. The system cannot find the file specified.
File name: 'Microsoft.Bcl.AsyncInterfaces, Version=1.0.0.0, Culture=neutral, PublicKeyToken=cc7b13ffcd2ddd51'
TpTrace Verbose: 0 : 2272, 1, 2021/11/13, 21:21:04.594, 56935019315, vstest.console.dll, TestPluginCache: Discovered the extensions using extension path ''.
TpTrace Verbose: 0 : 2272, 1, 2021/11/13, 21:21:04.594, 56935020549, vstest.console.dll, TestPluginCache: Discoverers are ''.
TpTrace Verbose: 0 : 2272, 1, 2021/11/13, 21:21:04.594, 56935021078, vstest.console.dll, TestPluginCache: Executors are ''.
TpTrace Verbose: 0 : 2272, 1, 2021/11/13, 21:21:04.594, 56935021518, vstest.console.dll, TestPluginCache: Executors2 are ''.
TpTrace Verbose: 0 : 2272, 1, 2021/11/13, 21:21:04.594, 56935021942, vstest.console.dll, TestPluginCache: Setting providers are ''.
TpTrace Verbose: 0 : 2272, 1, 2021/11/13, 21:21:04.594, 56935023223, vstest.console.dll, TestPluginCache: Loggers are 'logger://Microsoft/TestPlatform/Extensions/Blame/v1,logger://Microsoft/TestPlatform/HtmlLogger/v1,logger://Microsoft/TestPlatform/TrxLogger/v1'.
TpTrace Information: 0 : 2272, 1, 2021/11/13, 21:21:04.596, 56935038371, vstest.console.dll, TestPluginManager.CreateTestExtension: Attempting to load test extension: Microsoft.TestPlatform.Extensions.BlameDataCollector.BlameLogger
TpTrace Information: 0 : 2272, 1, 2021/11/13, 21:21:04.687, 56935951724, vstest.console.dll, TestPluginManager.CreateTestExtension: Attempting to load test extension: Microsoft.VisualStudio.TestPlatform.CrossPlatEngine.Hosting.DefaultTestHostManager
TpTrace Information: 0 : 2272, 1, 2021/11/13, 21:21:04.688, 56935960253, vstest.console.dll, TestPluginManager.CreateTestExtension: Attempting to load test extension: Microsoft.VisualStudio.TestPlatform.CrossPlatEngine.Hosting.DotnetTestHostManager
TpTrace Verbose: 0 : 2272, 1, 2021/11/13, 21:21:04.689, 56935974125, vstest.console.dll, TestEngine: Initializing Parallel Execution as MaxCpuCount is set to: 1
TpTrace Information: 0 : 2272, 1, 2021/11/13, 21:21:04.691, 56935985621, vstest.console.dll, InferRunSettingsHelper.IsTestSettingsEnabled: Unable to navigate to RunSettings/MSTest. Current node: RunSettings
TpTrace Verbose: 0 : 2272, 1, 2021/11/13, 21:21:06.013, 56949214923, vstest.console.dll, TestRequestSender is acting as server
TpTrace Verbose: 0 : 2272, 5, 2021/11/13, 21:21:06.098, 56950062260, vstest.console.dll, DataCollectionRequestSender.InitializeCommunication : Initialize communication. 
TpTrace Information: 0 : 2272, 5, 2021/11/13, 21:21:06.294, 56952022747, vstest.console.dll, Listening on Endpoint : 127.0.0.1:55602
TpTrace Verbose: 0 : 2272, 5, 2021/11/13, 21:21:06.380, 56952882269, vstest.console.dll, DotnetDataCollectionLauncher: Full path of dotnet.exe is C:\Program Files\dotnet\dotnet.exe
TpTrace Verbose: 0 : 2272, 5, 2021/11/13, 21:21:06.380, 56952884889, vstest.console.dll, DotnetDataCollectionLauncher: Adding  --runtimeconfig "C:\Program Files\dotnet\sdk\5.0.402\datacollector.runtimeconfig.json" in args
TpTrace Verbose: 0 : 2272, 5, 2021/11/13, 21:21:06.381, 56952886464, vstest.console.dll, DotnetDataCollectionLauncher: Adding  --depsfile "C:\Program Files\dotnet\sdk\5.0.402\datacollector.deps.json" in args
TpTrace Information: 0 : 2272, 5, 2021/11/13, 21:21:06.550, 56954578756, vstest.console.dll, ProxyDataCollectionManager.Initialize: Launched datacollector processId: 21636 port: 55602
TpTrace Information: 0 : 2272, 5, 2021/11/13, 21:21:06.550, 56954580952, vstest.console.dll, ProxyDataCollectionManager.Initialize: waiting for connection with timeout: 90 seconds
TpTrace Verbose: 0 : 2272, 5, 2021/11/13, 21:21:06.550, 56954581994, vstest.console.dll, DataCollectionRequestSender.WaitForRequestHandlerConnection : Waiting for connection with timeout: 90000
TpTrace Information: 0 : 2272, 8, 2021/11/13, 21:21:07.647, 56965545396, vstest.console.dll, Using the buffer size of 16384 bytes
TpTrace Information: 0 : 2272, 8, 2021/11/13, 21:21:07.647, 56965546984, vstest.console.dll, Accepted Client request and set the flag
TpTrace Verbose: 0 : 2272, 5, 2021/11/13, 21:21:07.692, 56965997830, vstest.console.dll, ProxyDataCollectionManager.InvokeDataCollectionServiceAction: Starting.
TpTrace Information: 0 : 2272, 5, 2021/11/13, 21:21:07.692, 56965999353, vstest.console.dll, ProxyDataCollectionManager.BeforeTestRunStart: Get environment variable and port for datacollector processId: 21636 port: 55602
TpTrace Verbose: 0 : 2272, 5, 2021/11/13, 21:21:07.692, 56966000619, vstest.console.dll, DataCollectionRequestSender.SendBeforeTestRunStartAndGetResult : Send BeforeTestRunStart message with settingsXml <RunSettings><RunConfiguration><ResultsDirectory>C:\Users\USER\Documents\GitHub\Lulus-for-coverlet-test\Lulus.UnitTests\bin\Debug\net5.0\fine-code-coverage\coverage-tool-output</ResultsDirectory><TargetPlatform>X64</TargetPlatform><TargetFrameworkVersion>.NETCoreApp,Version=v5.0</TargetFrameworkVersion><DesignMode>False</DesignMode><CollectSourceInformation>False</CollectSourceInformation><TestAdaptersPaths>C:\Program Files\dotnet\sdk\5.0.402\Extensions</TestAdaptersPaths></RunConfiguration><LoggerRunSettings><Loggers><Logger friendlyName="blame" enabled="True" /><Logger friendlyName="Console" uri="logger://microsoft/TestPlatform/ConsoleLogger/v1" assemblyQualifiedName="Microsoft.VisualStudio.TestPlatform.CommandLine.Internal.ConsoleLogger, vstest.console, Version=15.0.0.0, Culture=neutral, PublicKeyToken=b03f5f7f11d50a3a" codeBase="C:\Program Files\dotnet\sdk\5.0.402\vstest.console.dll" enabled="True" /></Loggers></LoggerRunSettings><DataCollectionRunSettings><DataCollectors><DataCollector friendlyName="blame" enabled="True"><Configuration><ResultsDirectory>C:\Users\USER\Documents\GitHub\Lulus-for-coverlet-test\Lulus.UnitTests\bin\Debug\net5.0\fine-code-coverage\coverage-tool-output</ResultsDirectory></Configuration></DataCollector></DataCollectors></DataCollectionRunSettings></RunSettings> and sources System.Linq.Enumerable+Concat2Iterator`1[System.String]: 
TpTrace Verbose: 0 : 2272, 5, 2021/11/13, 21:21:09.570, 56984777998, vstest.console.dll, DataCollectionRequestSender.SendBeforeTestRunStartAndGetResult : Received message: (DataCollection.SendMessage) -> {
  "FriendlyName": null,
  "Uri": null,
  "TestCaseId": "00000000-0000-0000-0000-000000000000",
  "Message": "Logging DataCollector Diagnostics in file: C:\\Users\\USER\\Documents\\GitHub\\Lulus-for-coverlet-test\\Lulus.UnitTests\\bin\\Debug\\net5.0\\fine-code-coverage\\coverage-tool-output\\diagnostics.datacollector.21-11-13_21-21-06_34576_5.log",
  "Level": 0
}
TpTrace Verbose: 0 : 2272, 5, 2021/11/13, 21:21:13.518, 57024263106, vstest.console.dll, DataCollectionRequestSender.SendBeforeTestRunStartAndGetResult : Received message: (DataCollection.BeforeTestRunStartResult) -> {
  "EnvironmentVariables": {},
  "DataCollectionEventsPort": 55605
}
TpTrace Information: 0 : 2272, 5, 2021/11/13, 21:21:13.696, 57026038683, vstest.console.dll, ProxyDataCollectionManager.BeforeTestRunStart: SendBeforeTestRunStartAndGetResult successful, env variable from datacollector:   and testhost port: 55605
TpTrace Information: 0 : 2272, 5, 2021/11/13, 21:21:13.696, 57026039891, vstest.console.dll, ProxyDataCollectionManager.InvokeDataCollectionServiceAction: Completed.
TpTrace Verbose: 0 : 2272, 1, 2021/11/13, 21:21:13.696, 57026042252, vstest.console.dll, TestRunRequest.ExecuteAsync: Creating test run request.
TpTrace Verbose: 0 : 2272, 1, 2021/11/13, 21:21:13.980, 57028878086, vstest.console.dll, TestRunRequest.ExecuteAsync: Starting.
TpTrace Information: 0 : 2272, 1, 2021/11/13, 21:21:14.155, 57030627405, vstest.console.dll, TestRunRequest.ExecuteAsync: Starting run with settings:TestRunCriteria:
   KeepAlive=False,FrequencyOfRunStatsChangeEvent=10,RunStatsChangeEventTimeout=00:00:01.5000000,TestCaseFilter=,TestExecutorLauncher=
   Settingsxml=<RunSettings>
  <RunConfiguration>
    <ResultsDirectory>C:\Users\USER\Documents\GitHub\Lulus-for-coverlet-test\Lulus.UnitTests\bin\Debug\net5.0\fine-code-coverage\coverage-tool-output</ResultsDirectory>
    <TargetPlatform>X64</TargetPlatform>
    <TargetFrameworkVersion>.NETCoreApp,Version=v5.0</TargetFrameworkVersion>
    <DesignMode>False</DesignMode>
    <CollectSourceInformation>False</CollectSourceInformation>
  </RunConfiguration>
  <LoggerRunSettings>
    <Loggers>
      <Logger friendlyName="blame" enabled="True" />
      <Logger friendlyName="Console" uri="logger://microsoft/TestPlatform/ConsoleLogger/v1" assemblyQualifiedName="Microsoft.VisualStudio.TestPlatform.CommandLine.Internal.ConsoleLogger, vstest.console, Version=15.0.0.0, Culture=neutral, PublicKeyToken=b03f5f7f11d50a3a" codeBase="C:\Program Files\dotnet\sdk\5.0.402\vstest.console.dll" enabled="True" />
    </Loggers>
  </LoggerRunSettings>
  <DataCollectionRunSettings>
    <DataCollectors>
      <DataCollector friendlyName="blame" enabled="True">
        <Configuration>
          <ResultsDirectory>C:\Users\USER\Documents\GitHub\Lulus-for-coverlet-test\Lulus.UnitTests\bin\Debug\net5.0\fine-code-coverage\coverage-tool-output</ResultsDirectory>
        </Configuration>
      </DataCollector>
    </DataCollectors>
  </DataCollectionRunSettings>
</RunSettings>

TpTrace Verbose: 0 : 2272, 1, 2021/11/13, 21:21:14.155, 57030628792, vstest.console.dll, TestRunRequest.ExecuteAsync: Wait for the first run request is over.
TpTrace Verbose: 0 : 2272, 1, 2021/11/13, 21:21:14.156, 57030641598, vstest.console.dll, ParallelProxyExecutionManager: Start execution. Total sources: 1
TpTrace Information: 0 : 2272, 1, 2021/11/13, 21:21:14.271, 57031795053, vstest.console.dll, ProxyParallelExecutionManager: Triggering test run for next source: C:\Users\USER\Documents\GitHub\Lulus-for-coverlet-test\Lulus.UnitTests\bin\Debug\net5.0\fine-code-coverage\build-output\Lulus.UnitTests.dll
TpTrace Verbose: 0 : 2272, 5, 2021/11/13, 21:21:14.272, 57031797988, vstest.console.dll, ParallelProxyExecutionManager: Execution started. Started clients: 1
TpTrace Verbose: 0 : 2272, 1, 2021/11/13, 21:21:14.272, 57031798492, vstest.console.dll, ProxyParallelExecutionManager: No sources available for execution.
TpTrace Information: 0 : 2272, 1, 2021/11/13, 21:21:14.272, 57031799342, vstest.console.dll, TestRunRequest.ExecuteAsync: Started.
TpTrace Verbose: 0 : 2272, 1, 2021/11/13, 21:21:14.272, 57031800103, vstest.console.dll, TestRunRequest.WaitForCompletion: Waiting with timeout -1.
TpTrace Verbose: 0 : 2272, 5, 2021/11/13, 21:21:14.272, 57031803153, vstest.console.dll, TestRunRequest:SendTestRunMessage: Starting.
TpTrace Information: 0 : 2272, 5, 2021/11/13, 21:21:14.273, 57031805357, vstest.console.dll, TestRunRequest:SendTestRunMessage: Completed.
TpTrace Verbose: 0 : 2272, 5, 2021/11/13, 21:21:14.273, 57031809152, vstest.console.dll, ProxyExecutionManager: Test host is always Lazy initialize.
TpTrace Verbose: 0 : 2272, 5, 2021/11/13, 21:21:14.273, 57031813096, vstest.console.dll, TestRequestSender.InitializeCommunication: initialize communication. 
TpTrace Information: 0 : 2272, 5, 2021/11/13, 21:21:14.274, 57031820986, vstest.console.dll, SocketServer.Start: Listening on endpoint : 127.0.0.1:55606
TpTrace Verbose: 0 : 2272, 5, 2021/11/13, 21:21:14.336, 57032440914, vstest.console.dll, DotnetTestHostmanager: Adding  --runtimeconfig "C:\Users\USER\Documents\GitHub\Lulus-for-coverlet-test\Lulus.UnitTests\bin\Debug\net5.0\fine-code-coverage\build-output\Lulus.UnitTests.runtimeconfig.json" in args
TpTrace Verbose: 0 : 2272, 5, 2021/11/13, 21:21:14.336, 57032442365, vstest.console.dll, DotnetTestHostmanager: Adding  --depsfile "C:\Users\USER\Documents\GitHub\Lulus-for-coverlet-test\Lulus.UnitTests\bin\Debug\net5.0\fine-code-coverage\build-output\Lulus.UnitTests.deps.json" in args
TpTrace Verbose: 0 : 2272, 5, 2021/11/13, 21:21:14.337, 57032445303, vstest.console.dll, DotnetTestHostManager: Testhost.exe/testhost.x86.exe found at path: C:\Users\USER\Documents\GitHub\Lulus-for-coverlet-test\Lulus.UnitTests\bin\Debug\net5.0\fine-code-coverage\build-output\testhost.exe
TpTrace Verbose: 0 : 2272, 5, 2021/11/13, 21:21:14.337, 57032445968, vstest.console.dll, DotnetTestHostmanager: Full path of host exe is C:\Users\USER\Documents\GitHub\Lulus-for-coverlet-test\Lulus.UnitTests\bin\Debug\net5.0\fine-code-coverage\build-output\testhost.exe
TpTrace Verbose: 0 : 2272, 4, 2021/11/13, 21:21:14.534, 57034418757, vstest.console.dll, DotnetTestHostManager: Starting process 'C:\Users\USER\Documents\GitHub\Lulus-for-coverlet-test\Lulus.UnitTests\bin\Debug\net5.0\fine-code-coverage\build-output\testhost.exe' with command line ' --runtimeconfig "C:\Users\USER\Documents\GitHub\Lulus-for-coverlet-test\Lulus.UnitTests\bin\Debug\net5.0\fine-code-coverage\build-output\Lulus.UnitTests.runtimeconfig.json" --depsfile "C:\Users\USER\Documents\GitHub\Lulus-for-coverlet-test\Lulus.UnitTests\bin\Debug\net5.0\fine-code-coverage\build-output\Lulus.UnitTests.deps.json" --port 55606 --endpoint 127.0.0.1:055606 --role client --parentprocessid 2272 --diag "C:\Users\USER\Documents\GitHub\Lulus-for-coverlet-test\Lulus.UnitTests\bin\Debug\net5.0\fine-code-coverage\coverage-tool-output\diagnostics.host.21-11-13_21-21-14_27515_5.log" --tracelevel 4 --datacollectionport 55605 --telemetryoptedin false'
TpTrace Verbose: 0 : 2272, 4, 2021/11/13, 21:21:15.780, 57046882417, vstest.console.dll, Test Runtime launched
TpTrace Verbose: 0 : 2272, 5, 2021/11/13, 21:21:15.781, 57046890722, vstest.console.dll, TestRequestSender.WaitForRequestHandlerConnection: waiting for connection with timeout: 90000
TpTrace Verbose: 0 : 2272, 13, 2021/11/13, 21:21:46.972, 57358801896, vstest.console.dll, SocketServer.OnClientConnected: Client connected for endPoint: 127.0.0.1:55606, starting MessageLoopAsync:
TpTrace Verbose: 0 : 2272, 13, 2021/11/13, 21:21:46.973, 57358805796, vstest.console.dll, TcpClientExtensions.MessageLoopAsync: Polling on remoteEndPoint: 127.0.0.1:55622 localEndPoint: 127.0.0.1:55606
TpTrace Verbose: 0 : 2272, 13, 2021/11/13, 21:21:47.975, 57368825673, vstest.console.dll, TcpClientExtensions.MessageLoopAsync: Polling on remoteEndPoint: 127.0.0.1:55622 localEndPoint: 127.0.0.1:55606
TpTrace Verbose: 0 : 2272, 13, 2021/11/13, 21:21:48.980, 57378878870, vstest.console.dll, TcpClientExtensions.MessageLoopAsync: Polling on remoteEndPoint: 127.0.0.1:55622 localEndPoint: 127.0.0.1:55606
TpTrace Verbose: 0 : 2272, 13, 2021/11/13, 21:21:49.985, 57388931858, vstest.console.dll, TcpClientExtensions.MessageLoopAsync: Polling on remoteEndPoint: 127.0.0.1:55622 localEndPoint: 127.0.0.1:55606
TpTrace Verbose: 0 : 2272, 13, 2021/11/13, 21:21:50.990, 57398975367, vstest.console.dll, TcpClientExtensions.MessageLoopAsync: Polling on remoteEndPoint: 127.0.0.1:55622 localEndPoint: 127.0.0.1:55606
TpTrace Verbose: 0 : 2272, 13, 2021/11/13, 21:21:51.995, 57409027998, vstest.console.dll, TcpClientExtensions.MessageLoopAsync: Polling on remoteEndPoint: 127.0.0.1:55622 localEndPoint: 127.0.0.1:55606
TpTrace Verbose: 0 : 2272, 13, 2021/11/13, 21:21:53.000, 57419080763, vstest.console.dll, TcpClientExtensions.MessageLoopAsync: Polling on remoteEndPoint: 127.0.0.1:55622 localEndPoint: 127.0.0.1:55606
TpTrace Verbose: 0 : 2272, 13, 2021/11/13, 21:21:54.004, 57429124702, vstest.console.dll, TcpClientExtensions.MessageLoopAsync: Polling on remoteEndPoint: 127.0.0.1:55622 localEndPoint: 127.0.0.1:55606
TpTrace Verbose: 0 : 2272, 13, 2021/11/13, 21:21:55.010, 57439177082, vstest.console.dll, TcpClientExtensions.MessageLoopAsync: Polling on remoteEndPoint: 127.0.0.1:55622 localEndPoint: 127.0.0.1:55606
TpTrace Verbose: 0 : 2272, 13, 2021/11/13, 21:21:56.015, 57449230483, vstest.console.dll, TcpClientExtensions.MessageLoopAsync: Polling on remoteEndPoint: 127.0.0.1:55622 localEndPoint: 127.0.0.1:55606
TpTrace Verbose: 0 : 2272, 13, 2021/11/13, 21:21:56.485, 57453933068, vstest.console.dll, TcpClientExtensions.MessageLoopAsync: NotifyDataAvailable remoteEndPoint: 127.0.0.1:55622 localEndPoint: 127.0.0.1:55606
TpTrace Verbose: 0 : 2272, 13, 2021/11/13, 21:21:56.638, 57455457391, vstest.console.dll, TestRequestSender.CheckVersionWithTestHost: onMessageReceived received message: (ProtocolVersion) -> 3
TpTrace Verbose: 0 : 2272, 13, 2021/11/13, 21:21:57.047, 57459547601, vstest.console.dll, TcpClientExtensions.MessageLoopAsync: Polling on remoteEndPoint: 127.0.0.1:55622 localEndPoint: 127.0.0.1:55606
TpTrace Verbose: 0 : 2272, 5, 2021/11/13, 21:21:57.047, 57459549855, vstest.console.dll, TestPluginCache.GetExtensionPaths: Filtered extension paths: 
TpTrace Verbose: 0 : 2272, 5, 2021/11/13, 21:21:57.047, 57459550417, vstest.console.dll, TestPluginCache.GetExtensionPaths: Added default extension paths: C:\Program Files\dotnet\sdk\5.0.402\Extensions\Microsoft.Diagnostics.NETCore.Client.dll
C:\Program Files\dotnet\sdk\5.0.402\Extensions\Microsoft.TestPlatform.Extensions.BlameDataCollector.dll
C:\Program Files\dotnet\sdk\5.0.402\Extensions\Microsoft.TestPlatform.Extensions.EventLogCollector.dll
C:\Program Files\dotnet\sdk\5.0.402\Extensions\Microsoft.TestPlatform.TestHostRuntimeProvider.dll
C:\Program Files\dotnet\sdk\5.0.402\Extensions\Microsoft.VisualStudio.TestPlatform.Extensions.Html.TestLogger.dll
C:\Program Files\dotnet\sdk\5.0.402\Extensions\Microsoft.VisualStudio.TestPlatform.Extensions.Trx.TestLogger.dll
TpTrace Verbose: 0 : 2272, 5, 2021/11/13, 21:21:57.047, 57459550774, vstest.console.dll, TestPluginCache.GetExtensionPaths: Added unfilterableExtensionPaths: 
TpTrace Verbose: 0 : 2272, 5, 2021/11/13, 21:21:57.051, 57459587015, vstest.console.dll, TestRequestSender.InitializeExecution: Sending initializing execution with message: {"Version":3,"MessageType":"TestExecution.Initialize","Payload":["C:\\Users\\USER\\Documents\\GitHub\\Lulus-for-coverlet-test\\Lulus.UnitTests\\bin\\Debug\\net5.0\\fine-code-coverage\\build-output\\xunit.runner.visualstudio.dotnetcore.testadapter.dll"]}
TpTrace Verbose: 0 : 2272, 5, 2021/11/13, 21:21:57.096, 57460044737, vstest.console.dll, TestRequestSender.StartTestRun: Sending test run with message: {"Version":3,"MessageType":"TestExecution.StartWithSources","Payload":{"AdapterSourceMap":{"_none_":["C:\\Users\\USER\\Documents\\GitHub\\Lulus-for-coverlet-test\\Lulus.UnitTests\\bin\\Debug\\net5.0\\fine-code-coverage\\build-output\\Lulus.UnitTests.dll"]},"RunSettings":"<RunSettings>\r\n  <RunConfiguration>\r\n    <ResultsDirectory>C:\\Users\\USER\\Documents\\GitHub\\Lulus-for-coverlet-test\\Lulus.UnitTests\\bin\\Debug\\net5.0\\fine-code-coverage\\coverage-tool-output</ResultsDirectory>\r\n    <TargetPlatform>X64</TargetPlatform>\r\n    <TargetFrameworkVersion>.NETCoreApp,Version=v5.0</TargetFrameworkVersion>\r\n    <DesignMode>False</DesignMode>\r\n    <CollectSourceInformation>False</CollectSourceInformation>\r\n  </RunConfiguration>\r\n  <LoggerRunSettings>\r\n    <Loggers>\r\n      <Logger friendlyName=\"blame\" enabled=\"True\" />\r\n      <Logger friendlyName=\"Console\" uri=\"logger://microsoft/TestPlatform/ConsoleLogger/v1\" assemblyQualifiedName=\"Microsoft.VisualStudio.TestPlatform.CommandLine.Internal.ConsoleLogger, vstest.console, Version=15.0.0.0, Culture=neutral, PublicKeyToken=b03f5f7f11d50a3a\" codeBase=\"C:\\Program Files\\dotnet\\sdk\\5.0.402\\vstest.console.dll\" enabled=\"True\" />\r\n    </Loggers>\r\n  </LoggerRunSettings>\r\n  <DataCollectionRunSettings>\r\n    <DataCollectors>\r\n      <DataCollector friendlyName=\"blame\" enabled=\"True\">\r\n        <Configuration>\r\n          <ResultsDirectory>C:\\Users\\USER\\Documents\\GitHub\\Lulus-for-coverlet-test\\Lulus.UnitTests\\bin\\Debug\\net5.0\\fine-code-coverage\\coverage-tool-output</ResultsDirectory>\r\n        </Configuration>\r\n      </DataCollector>\r\n    </DataCollectors>\r\n  </DataCollectionRunSettings>\r\n</RunSettings>","TestExecutionContext":{"FrequencyOfRunStatsChangeEvent":10,"RunStatsChangeEventTimeout":"00:00:01.5000000","InIsolation":false,"KeepAlive":false,"AreTestCaseLevelEventsRequired":false,"IsDebug":false,"TestCaseFilter":null,"FilterOptions":null},"Package":null}}
TpTrace Verbose: 0 : 2272, 13, 2021/11/13, 21:21:57.580, 57464883610, vstest.console.dll, TcpClientExtensions.MessageLoopAsync: NotifyDataAvailable remoteEndPoint: 127.0.0.1:55622 localEndPoint: 127.0.0.1:55606
TpTrace Verbose: 0 : 2272, 13, 2021/11/13, 21:21:57.581, 57464886557, vstest.console.dll, TestRequestSender.OnExecutionMessageReceived: Received message: {"Version":3,"MessageType":"TestSession.Message","Payload":{"MessageLevel":0,"Message":"Logging TestHost Diagnostics in file: C:\\Users\\USER\\Documents\\GitHub\\Lulus-for-coverlet-test\\Lulus.UnitTests\\bin\\Debug\\net5.0\\fine-code-coverage\\coverage-tool-output\\diagnostics.host.21-11-13_21-21-14_27515_5.log"}}
TpTrace Verbose: 0 : 2272, 13, 2021/11/13, 21:21:57.851, 57467593747, vstest.console.dll, TestRunRequest:SendTestRunMessage: Starting.
TpTrace Information: 0 : 2272, 13, 2021/11/13, 21:21:57.852, 57467595925, vstest.console.dll, TestRunRequest:SendTestRunMessage: Completed.
TpTrace Verbose: 0 : 2272, 13, 2021/11/13, 21:21:57.852, 57467596772, vstest.console.dll, TcpClientExtensions.MessageLoopAsync: Polling on remoteEndPoint: 127.0.0.1:55622 localEndPoint: 127.0.0.1:55606
TpTrace Verbose: 0 : 2272, 13, 2021/11/13, 21:21:58.858, 57477664259, vstest.console.dll, TcpClientExtensions.MessageLoopAsync: Polling on remoteEndPoint: 127.0.0.1:55622 localEndPoint: 127.0.0.1:55606
TpTrace Verbose: 0 : 2272, 13, 2021/11/13, 21:21:59.417, 57483249676, vstest.console.dll, TcpClientExtensions.MessageLoopAsync: NotifyDataAvailable remoteEndPoint: 127.0.0.1:55622 localEndPoint: 127.0.0.1:55606
TpTrace Verbose: 0 : 2272, 13, 2021/11/13, 21:21:59.417, 57483251125, vstest.console.dll, TestRequestSender.OnExecutionMessageReceived: Received message: {"Version":3,"MessageType":"TestSession.Message","Payload":{"MessageLevel":0,"Message":"[xUnit.net 00:00:00.00] xUnit.net VSTest Adapter v2.4.3+1b45f5407b (64-bit .NET 5.0.11)"}}
TpTrace Verbose: 0 : 2272, 13, 2021/11/13, 21:21:59.418, 57483255528, vstest.console.dll, TestRunRequest:SendTestRunMessage: Starting.
TpTrace Information: 0 : 2272, 13, 2021/11/13, 21:21:59.418, 57483257154, vstest.console.dll, TestRunRequest:SendTestRunMessage: Completed.
TpTrace Verbose: 0 : 2272, 13, 2021/11/13, 21:21:59.418, 57483257832, vstest.console.dll, TcpClientExtensions.MessageLoopAsync: Polling on remoteEndPoint: 127.0.0.1:55622 localEndPoint: 127.0.0.1:55606
TpTrace Verbose: 0 : 2272, 13, 2021/11/13, 21:22:00.428, 57493362802, vstest.console.dll, TcpClientExtensions.MessageLoopAsync: Polling on remoteEndPoint: 127.0.0.1:55622 localEndPoint: 127.0.0.1:55606
TpTrace Verbose: 0 : 2272, 13, 2021/11/13, 21:22:01.435, 57503425537, vstest.console.dll, TcpClientExtensions.MessageLoopAsync: Polling on remoteEndPoint: 127.0.0.1:55622 localEndPoint: 127.0.0.1:55606
TpTrace Verbose: 0 : 2272, 13, 2021/11/13, 21:22:02.440, 57513479098, vstest.console.dll, TcpClientExtensions.MessageLoopAsync: Polling on remoteEndPoint: 127.0.0.1:55622 localEndPoint: 127.0.0.1:55606
TpTrace Verbose: 0 : 2272, 13, 2021/11/13, 21:22:03.444, 57523522186, vstest.console.dll, TcpClientExtensions.MessageLoopAsync: Polling on remoteEndPoint: 127.0.0.1:55622 localEndPoint: 127.0.0.1:55606
TpTrace Verbose: 0 : 2272, 13, 2021/11/13, 21:22:04.450, 57533575356, vstest.console.dll, TcpClientExtensions.MessageLoopAsync: Polling on remoteEndPoint: 127.0.0.1:55622 localEndPoint: 127.0.0.1:55606
TpTrace Verbose: 0 : 2272, 13, 2021/11/13, 21:22:05.455, 57543627905, vstest.console.dll, TcpClientExtensions.MessageLoopAsync: Polling on remoteEndPoint: 127.0.0.1:55622 localEndPoint: 127.0.0.1:55606
TpTrace Verbose: 0 : 2272, 13, 2021/11/13, 21:22:06.460, 57553681246, vstest.console.dll, TcpClientExtensions.MessageLoopAsync: Polling on remoteEndPoint: 127.0.0.1:55622 localEndPoint: 127.0.0.1:55606
TpTrace Verbose: 0 : 2272, 13, 2021/11/13, 21:22:07.465, 57563734841, vstest.console.dll, TcpClientExtensions.MessageLoopAsync: Polling on remoteEndPoint: 127.0.0.1:55622 localEndPoint: 127.0.0.1:55606
TpTrace Verbose: 0 : 2272, 13, 2021/11/13, 21:22:08.471, 57573789484, vstest.console.dll, TcpClientExtensions.MessageLoopAsync: Polling on remoteEndPoint: 127.0.0.1:55622 localEndPoint: 127.0.0.1:55606
TpTrace Verbose: 0 : 2272, 13, 2021/11/13, 21:22:09.476, 57583840282, vstest.console.dll, TcpClientExtensions.MessageLoopAsync: Polling on remoteEndPoint: 127.0.0.1:55622 localEndPoint: 127.0.0.1:55606
TpTrace Verbose: 0 : 2272, 13, 2021/11/13, 21:22:10.481, 57593894798, vstest.console.dll, TcpClientExtensions.MessageLoopAsync: Polling on remoteEndPoint: 127.0.0.1:55622 localEndPoint: 127.0.0.1:55606
TpTrace Verbose: 0 : 2272, 13, 2021/11/13, 21:22:11.486, 57603939985, vstest.console.dll, TcpClientExtensions.MessageLoopAsync: Polling on remoteEndPoint: 127.0.0.1:55622 localEndPoint: 127.0.0.1:55606
TpTrace Verbose: 0 : 2272, 13, 2021/11/13, 21:22:12.490, 57613980190, vstest.console.dll, TcpClientExtensions.MessageLoopAsync: Polling on remoteEndPoint: 127.0.0.1:55622 localEndPoint: 127.0.0.1:55606
TpTrace Verbose: 0 : 2272, 13, 2021/11/13, 21:22:13.494, 57624023757, vstest.console.dll, TcpClientExtensions.MessageLoopAsync: Polling on remoteEndPoint: 127.0.0.1:55622 localEndPoint: 127.0.0.1:55606
TpTrace Verbose: 0 : 2272, 13, 2021/11/13, 21:22:14.500, 57634078049, vstest.console.dll, TcpClientExtensions.MessageLoopAsync: Polling on remoteEndPoint: 127.0.0.1:55622 localEndPoint: 127.0.0.1:55606
TpTrace Verbose: 0 : 2272, 13, 2021/11/13, 21:22:15.505, 57644129716, vstest.console.dll, TcpClientExtensions.MessageLoopAsync: Polling on remoteEndPoint: 127.0.0.1:55622 localEndPoint: 127.0.0.1:55606
TpTrace Verbose: 0 : 2272, 13, 2021/11/13, 21:22:16.510, 57654182469, vstest.console.dll, TcpClientExtensions.MessageLoopAsync: Polling on remoteEndPoint: 127.0.0.1:55622 localEndPoint: 127.0.0.1:55606
TpTrace Verbose: 0 : 2272, 13, 2021/11/13, 21:22:17.514, 57664216141, vstest.console.dll, TcpClientExtensions.MessageLoopAsync: Polling on remoteEndPoint: 127.0.0.1:55622 localEndPoint: 127.0.0.1:55606
TpTrace Verbose: 0 : 2272, 13, 2021/11/13, 21:22:18.519, 57674269507, vstest.console.dll, TcpClientExtensions.MessageLoopAsync: Polling on remoteEndPoint: 127.0.0.1:55622 localEndPoint: 127.0.0.1:55606
TpTrace Verbose: 0 : 2272, 13, 2021/11/13, 21:22:19.522, 57684302512, vstest.console.dll, TcpClientExtensions.MessageLoopAsync: Polling on remoteEndPoint: 127.0.0.1:55622 localEndPoint: 127.0.0.1:55606
TpTrace Verbose: 0 : 2272, 13, 2021/11/13, 21:22:20.527, 57694355094, vstest.console.dll, TcpClientExtensions.MessageLoopAsync: Polling on remoteEndPoint: 127.0.0.1:55622 localEndPoint: 127.0.0.1:55606
TpTrace Verbose: 0 : 2272, 13, 2021/11/13, 21:22:21.532, 57704398106, vstest.console.dll, TcpClientExtensions.MessageLoopAsync: Polling on remoteEndPoint: 127.0.0.1:55622 localEndPoint: 127.0.0.1:55606
TpTrace Verbose: 0 : 2272, 13, 2021/11/13, 21:22:22.537, 57714451246, vstest.console.dll, TcpClientExtensions.MessageLoopAsync: Polling on remoteEndPoint: 127.0.0.1:55622 localEndPoint: 127.0.0.1:55606
TpTrace Verbose: 0 : 2272, 13, 2021/11/13, 21:22:23.541, 57724494332, vstest.console.dll, TcpClientExtensions.MessageLoopAsync: Polling on remoteEndPoint: 127.0.0.1:55622 localEndPoint: 127.0.0.1:55606
TpTrace Verbose: 0 : 2272, 13, 2021/11/13, 21:22:24.543, 57734507902, vstest.console.dll, TcpClientExtensions.MessageLoopAsync: Polling on remoteEndPoint: 127.0.0.1:55622 localEndPoint: 127.0.0.1:55606
TpTrace Verbose: 0 : 2272, 13, 2021/11/13, 21:22:25.546, 57744540981, vstest.console.dll, TcpClientExtensions.MessageLoopAsync: Polling on remoteEndPoint: 127.0.0.1:55622 localEndPoint: 127.0.0.1:55606
TpTrace Verbose: 0 : 2272, 13, 2021/11/13, 21:22:26.550, 57754584060, vstest.console.dll, TcpClientExtensions.MessageLoopAsync: Polling on remoteEndPoint: 127.0.0.1:55622 localEndPoint: 127.0.0.1:55606
TpTrace Verbose: 0 : 2272, 13, 2021/11/13, 21:22:27.555, 57764626900, vstest.console.dll, TcpClientExtensions.MessageLoopAsync: Polling on remoteEndPoint: 127.0.0.1:55622 localEndPoint: 127.0.0.1:55606
TpTrace Verbose: 0 : 2272, 13, 2021/11/13, 21:22:28.569, 57774773556, vstest.console.dll, TcpClientExtensions.MessageLoopAsync: Polling on remoteEndPoint: 127.0.0.1:55622 localEndPoint: 127.0.0.1:55606
TpTrace Verbose: 0 : 2272, 13, 2021/11/13, 21:22:29.583, 57784912701, vstest.console.dll, TcpClientExtensions.MessageLoopAsync: Polling on remoteEndPoint: 127.0.0.1:55622 localEndPoint: 127.0.0.1:55606
TpTrace Verbose: 0 : 2272, 13, 2021/11/13, 21:22:30.586, 57794936720, vstest.console.dll, TcpClientExtensions.MessageLoopAsync: Polling on remoteEndPoint: 127.0.0.1:55622 localEndPoint: 127.0.0.1:55606
TpTrace Verbose: 0 : 2272, 13, 2021/11/13, 21:22:31.600, 57805078832, vstest.console.dll, TcpClientExtensions.MessageLoopAsync: Polling on remoteEndPoint: 127.0.0.1:55622 localEndPoint: 127.0.0.1:55606
TpTrace Verbose: 0 : 2272, 13, 2021/11/13, 21:22:33.317, 57822253643, vstest.console.dll, TcpClientExtensions.MessageLoopAsync: Polling on remoteEndPoint: 127.0.0.1:55622 localEndPoint: 127.0.0.1:55606
TpTrace Verbose: 0 : 2272, 13, 2021/11/13, 21:22:34.321, 57832287043, vstest.console.dll, TcpClientExtensions.MessageLoopAsync: Polling on remoteEndPoint: 127.0.0.1:55622 localEndPoint: 127.0.0.1:55606
TpTrace Verbose: 0 : 2272, 13, 2021/11/13, 21:22:35.332, 57842399332, vstest.console.dll, TcpClientExtensions.MessageLoopAsync: Polling on remoteEndPoint: 127.0.0.1:55622 localEndPoint: 127.0.0.1:55606
TpTrace Verbose: 0 : 2272, 13, 2021/11/13, 21:22:36.346, 57852541844, vstest.console.dll, TcpClientExtensions.MessageLoopAsync: Polling on remoteEndPoint: 127.0.0.1:55622 localEndPoint: 127.0.0.1:55606
TpTrace Verbose: 0 : 2272, 13, 2021/11/13, 21:22:37.353, 57862606173, vstest.console.dll, TcpClientExtensions.MessageLoopAsync: Polling on remoteEndPoint: 127.0.0.1:55622 localEndPoint: 127.0.0.1:55606
TpTrace Verbose: 0 : 2272, 13, 2021/11/13, 21:22:38.367, 57872747246, vstest.console.dll, TcpClientExtensions.MessageLoopAsync: Polling on remoteEndPoint: 127.0.0.1:55622 localEndPoint: 127.0.0.1:55606
TpTrace Verbose: 0 : 2272, 13, 2021/11/13, 21:22:39.369, 57882771061, vstest.console.dll, TcpClientExtensions.MessageLoopAsync: Polling on remoteEndPoint: 127.0.0.1:55622 localEndPoint: 127.0.0.1:55606
TpTrace Verbose: 0 : 2272, 13, 2021/11/13, 21:22:40.383, 57892913330, vstest.console.dll, TcpClientExtensions.MessageLoopAsync: Polling on remoteEndPoint: 127.0.0.1:55622 localEndPoint: 127.0.0.1:55606
TpTrace Verbose: 0 : 2272, 13, 2021/11/13, 21:22:41.385, 57902927672, vstest.console.dll, TcpClientExtensions.MessageLoopAsync: Polling on remoteEndPoint: 127.0.0.1:55622 localEndPoint: 127.0.0.1:55606
TpTrace Verbose: 0 : 2272, 13, 2021/11/13, 21:22:42.390, 57912980474, vstest.console.dll, TcpClientExtensions.MessageLoopAsync: Polling on remoteEndPoint: 127.0.0.1:55622 localEndPoint: 127.0.0.1:55606
TpTrace Verbose: 0 : 2272, 13, 2021/11/13, 21:22:43.391, 57922993718, vstest.console.dll, TcpClientExtensions.MessageLoopAsync: Polling on remoteEndPoint: 127.0.0.1:55622 localEndPoint: 127.0.0.1:55606
TpTrace Verbose: 0 : 2272, 13, 2021/11/13, 21:22:44.394, 57933016691, vstest.console.dll, TcpClientExtensions.MessageLoopAsync: Polling on remoteEndPoint: 127.0.0.1:55622 localEndPoint: 127.0.0.1:55606
TpTrace Verbose: 0 : 2272, 13, 2021/11/13, 21:22:45.399, 57943070082, vstest.console.dll, TcpClientExtensions.MessageLoopAsync: Polling on remoteEndPoint: 127.0.0.1:55622 localEndPoint: 127.0.0.1:55606
TpTrace Verbose: 0 : 2272, 13, 2021/11/13, 21:22:46.402, 57953102770, vstest.console.dll, TcpClientExtensions.MessageLoopAsync: Polling on remoteEndPoint: 127.0.0.1:55622 localEndPoint: 127.0.0.1:55606
TpTrace Verbose: 0 : 2272, 13, 2021/11/13, 21:22:47.405, 57963125950, vstest.console.dll, TcpClientExtensions.MessageLoopAsync: Polling on remoteEndPoint: 127.0.0.1:55622 localEndPoint: 127.0.0.1:55606
TpTrace Verbose: 0 : 2272, 13, 2021/11/13, 21:22:48.410, 57973179618, vstest.console.dll, TcpClientExtensions.MessageLoopAsync: Polling on remoteEndPoint: 127.0.0.1:55622 localEndPoint: 127.0.0.1:55606
TpTrace Verbose: 0 : 2272, 13, 2021/11/13, 21:22:49.414, 57983222210, vstest.console.dll, TcpClientExtensions.MessageLoopAsync: Polling on remoteEndPoint: 127.0.0.1:55622 localEndPoint: 127.0.0.1:55606
TpTrace Verbose: 0 : 2272, 13, 2021/11/13, 21:22:50.418, 57993255400, vstest.console.dll, TcpClientExtensions.MessageLoopAsync: Polling on remoteEndPoint: 127.0.0.1:55622 localEndPoint: 127.0.0.1:55606
TpTrace Verbose: 0 : 2272, 13, 2021/11/13, 21:22:51.424, 58003318524, vstest.console.dll, TcpClientExtensions.MessageLoopAsync: Polling on remoteEndPoint: 127.0.0.1:55622 localEndPoint: 127.0.0.1:55606
TpTrace Verbose: 0 : 2272, 13, 2021/11/13, 21:22:52.426, 58013341687, vstest.console.dll, TcpClientExtensions.MessageLoopAsync: Polling on remoteEndPoint: 127.0.0.1:55622 localEndPoint: 127.0.0.1:55606
TpTrace Verbose: 0 : 2272, 13, 2021/11/13, 21:22:53.431, 58023394706, vstest.console.dll, TcpClientExtensions.MessageLoopAsync: Polling on remoteEndPoint: 127.0.0.1:55622 localEndPoint: 127.0.0.1:55606
TpTrace Verbose: 0 : 2272, 13, 2021/11/13, 21:22:54.437, 58033448119, vstest.console.dll, TcpClientExtensions.MessageLoopAsync: Polling on remoteEndPoint: 127.0.0.1:55622 localEndPoint: 127.0.0.1:55606
TpTrace Verbose: 0 : 2272, 13, 2021/11/13, 21:22:55.440, 58043481128, vstest.console.dll, TcpClientExtensions.MessageLoopAsync: Polling on remoteEndPoint: 127.0.0.1:55622 localEndPoint: 127.0.0.1:55606
TpTrace Verbose: 0 : 2272, 13, 2021/11/13, 21:22:56.443, 58053514085, vstest.console.dll, TcpClientExtensions.MessageLoopAsync: Polling on remoteEndPoint: 127.0.0.1:55622 localEndPoint: 127.0.0.1:55606
TpTrace Verbose: 0 : 2272, 13, 2021/11/13, 21:22:57.449, 58063567443, vstest.console.dll, TcpClientExtensions.MessageLoopAsync: Polling on remoteEndPoint: 127.0.0.1:55622 localEndPoint: 127.0.0.1:55606
TpTrace Verbose: 0 : 2272, 13, 2021/11/13, 21:22:58.454, 58073620361, vstest.console.dll, TcpClientExtensions.MessageLoopAsync: Polling on remoteEndPoint: 127.0.0.1:55622 localEndPoint: 127.0.0.1:55606
TpTrace Verbose: 0 : 2272, 13, 2021/11/13, 21:22:59.457, 58083653337, vstest.console.dll, TcpClientExtensions.MessageLoopAsync: Polling on remoteEndPoint: 127.0.0.1:55622 localEndPoint: 127.0.0.1:55606
TpTrace Verbose: 0 : 2272, 13, 2021/11/13, 21:23:00.463, 58093706552, vstest.console.dll, TcpClientExtensions.MessageLoopAsync: Polling on remoteEndPoint: 127.0.0.1:55622 localEndPoint: 127.0.0.1:55606
TpTrace Verbose: 0 : 2272, 13, 2021/11/13, 21:23:01.468, 58103759682, vstest.console.dll, TcpClientExtensions.MessageLoopAsync: Polling on remoteEndPoint: 127.0.0.1:55622 localEndPoint: 127.0.0.1:55606
TpTrace Verbose: 0 : 2272, 13, 2021/11/13, 21:23:02.472, 58113802760, vstest.console.dll, TcpClientExtensions.MessageLoopAsync: Polling on remoteEndPoint: 127.0.0.1:55622 localEndPoint: 127.0.0.1:55606
TpTrace Verbose: 0 : 2272, 13, 2021/11/13, 21:23:03.476, 58123836063, vstest.console.dll, TcpClientExtensions.MessageLoopAsync: Polling on remoteEndPoint: 127.0.0.1:55622 localEndPoint: 127.0.0.1:55606
TpTrace Verbose: 0 : 2272, 13, 2021/11/13, 21:23:04.482, 58133899147, vstest.console.dll, TcpClientExtensions.MessageLoopAsync: Polling on remoteEndPoint: 127.0.0.1:55622 localEndPoint: 127.0.0.1:55606
TpTrace Verbose: 0 : 2272, 13, 2021/11/13, 21:23:05.487, 58143953290, vstest.console.dll, TcpClientExtensions.MessageLoopAsync: Polling on remoteEndPoint: 127.0.0.1:55622 localEndPoint: 127.0.0.1:55606
TpTrace Verbose: 0 : 2272, 13, 2021/11/13, 21:23:06.493, 58154005495, vstest.console.dll, TcpClientExtensions.MessageLoopAsync: Polling on remoteEndPoint: 127.0.0.1:55622 localEndPoint: 127.0.0.1:55606
TpTrace Verbose: 0 : 2272, 13, 2021/11/13, 21:23:07.498, 58164058726, vstest.console.dll, TcpClientExtensions.MessageLoopAsync: Polling on remoteEndPoint: 127.0.0.1:55622 localEndPoint: 127.0.0.1:55606
TpTrace Verbose: 0 : 2272, 13, 2021/11/13, 21:23:08.502, 58174101556, vstest.console.dll, TcpClientExtensions.MessageLoopAsync: Polling on remoteEndPoint: 127.0.0.1:55622 localEndPoint: 127.0.0.1:55606
TpTrace Verbose: 0 : 2272, 13, 2021/11/13, 21:23:09.507, 58184154804, vstest.console.dll, TcpClientExtensions.MessageLoopAsync: Polling on remoteEndPoint: 127.0.0.1:55622 localEndPoint: 127.0.0.1:55606
TpTrace Verbose: 0 : 2272, 13, 2021/11/13, 21:23:10.512, 58194197806, vstest.console.dll, TcpClientExtensions.MessageLoopAsync: Polling on remoteEndPoint: 127.0.0.1:55622 localEndPoint: 127.0.0.1:55606
TpTrace Verbose: 0 : 2272, 13, 2021/11/13, 21:23:11.516, 58204241224, vstest.console.dll, TcpClientExtensions.MessageLoopAsync: Polling on remoteEndPoint: 127.0.0.1:55622 localEndPoint: 127.0.0.1:55606
TpTrace Verbose: 0 : 2272, 13, 2021/11/13, 21:23:12.521, 58214294420, vstest.console.dll, TcpClientExtensions.MessageLoopAsync: Polling on remoteEndPoint: 127.0.0.1:55622 localEndPoint: 127.0.0.1:55606
TpTrace Verbose: 0 : 2272, 13, 2021/11/13, 21:23:13.526, 58224337471, vstest.console.dll, TcpClientExtensions.MessageLoopAsync: Polling on remoteEndPoint: 127.0.0.1:55622 localEndPoint: 127.0.0.1:55606
TpTrace Verbose: 0 : 2272, 13, 2021/11/13, 21:23:14.530, 58234380535, vstest.console.dll, TcpClientExtensions.MessageLoopAsync: Polling on remoteEndPoint: 127.0.0.1:55622 localEndPoint: 127.0.0.1:55606
TpTrace Verbose: 0 : 2272, 13, 2021/11/13, 21:23:15.535, 58244433806, vstest.console.dll, TcpClientExtensions.MessageLoopAsync: Polling on remoteEndPoint: 127.0.0.1:55622 localEndPoint: 127.0.0.1:55606
TpTrace Verbose: 0 : 2272, 13, 2021/11/13, 21:23:16.540, 58254476837, vstest.console.dll, TcpClientExtensions.MessageLoopAsync: Polling on remoteEndPoint: 127.0.0.1:55622 localEndPoint: 127.0.0.1:55606
TpTrace Verbose: 0 : 2272, 13, 2021/11/13, 21:23:17.546, 58264535256, vstest.console.dll, TcpClientExtensions.MessageLoopAsync: Polling on remoteEndPoint: 127.0.0.1:55622 localEndPoint: 127.0.0.1:55606
TpTrace Verbose: 0 : 2272, 13, 2021/11/13, 21:23:18.550, 58274576851, vstest.console.dll, TcpClientExtensions.MessageLoopAsync: Polling on remoteEndPoint: 127.0.0.1:55622 localEndPoint: 127.0.0.1:55606
TpTrace Verbose: 0 : 2272, 13, 2021/11/13, 21:23:19.556, 58284641315, vstest.console.dll, TcpClientExtensions.MessageLoopAsync: Polling on remoteEndPoint: 127.0.0.1:55622 localEndPoint: 127.0.0.1:55606
TpTrace Verbose: 0 : 2272, 13, 2021/11/13, 21:23:20.570, 58294776311, vstest.console.dll, TcpClientExtensions.MessageLoopAsync: Polling on remoteEndPoint: 127.0.0.1:55622 localEndPoint: 127.0.0.1:55606
TpTrace Verbose: 0 : 2272, 13, 2021/11/13, 21:23:21.571, 58304792269, vstest.console.dll, TcpClientExtensions.MessageLoopAsync: Polling on remoteEndPoint: 127.0.0.1:55622 localEndPoint: 127.0.0.1:55606
TpTrace Verbose: 0 : 2272, 13, 2021/11/13, 21:23:22.576, 58314842606, vstest.console.dll, TcpClientExtensions.MessageLoopAsync: Polling on remoteEndPoint: 127.0.0.1:55622 localEndPoint: 127.0.0.1:55606
TpTrace Verbose: 0 : 2272, 13, 2021/11/13, 21:23:23.580, 58324875300, vstest.console.dll, TcpClientExtensions.MessageLoopAsync: Polling on remoteEndPoint: 127.0.0.1:55622 localEndPoint: 127.0.0.1:55606
TpTrace Verbose: 0 : 2272, 13, 2021/11/13, 21:23:24.585, 58334929422, vstest.console.dll, TcpClientExtensions.MessageLoopAsync: Polling on remoteEndPoint: 127.0.0.1:55622 localEndPoint: 127.0.0.1:55606
TpTrace Verbose: 0 : 2272, 13, 2021/11/13, 21:23:25.589, 58344973094, vstest.console.dll, TcpClientExtensions.MessageLoopAsync: Polling on remoteEndPoint: 127.0.0.1:55622 localEndPoint: 127.0.0.1:55606
TpTrace Verbose: 0 : 2272, 13, 2021/11/13, 21:23:26.590, 58354983731, vstest.console.dll, TcpClientExtensions.MessageLoopAsync: Polling on remoteEndPoint: 127.0.0.1:55622 localEndPoint: 127.0.0.1:55606
TpTrace Verbose: 0 : 2272, 13, 2021/11/13, 21:23:27.592, 58364999564, vstest.console.dll, TcpClientExtensions.MessageLoopAsync: Polling on remoteEndPoint: 127.0.0.1:55622 localEndPoint: 127.0.0.1:55606
TpTrace Verbose: 0 : 2272, 13, 2021/11/13, 21:23:28.606, 58375144474, vstest.console.dll, TcpClientExtensions.MessageLoopAsync: Polling on remoteEndPoint: 127.0.0.1:55622 localEndPoint: 127.0.0.1:55606
TpTrace Verbose: 0 : 2272, 13, 2021/11/13, 21:23:29.620, 58385283705, vstest.console.dll, TcpClientExtensions.MessageLoopAsync: Polling on remoteEndPoint: 127.0.0.1:55622 localEndPoint: 127.0.0.1:55606
TpTrace Verbose: 0 : 2272, 13, 2021/11/13, 21:23:30.630, 58395385138, vstest.console.dll, TcpClientExtensions.MessageLoopAsync: Polling on remoteEndPoint: 127.0.0.1:55622 localEndPoint: 127.0.0.1:55606
TpTrace Verbose: 0 : 2272, 13, 2021/11/13, 21:23:31.644, 58405520034, vstest.console.dll, TcpClientExtensions.MessageLoopAsync: Polling on remoteEndPoint: 127.0.0.1:55622 localEndPoint: 127.0.0.1:55606
TpTrace Verbose: 0 : 2272, 13, 2021/11/13, 21:23:32.644, 58415523697, vstest.console.dll, TcpClientExtensions.MessageLoopAsync: Polling on remoteEndPoint: 127.0.0.1:55622 localEndPoint: 127.0.0.1:55606
TpTrace Verbose: 0 : 2272, 13, 2021/11/13, 21:23:33.656, 58425645093, vstest.console.dll, TcpClientExtensions.MessageLoopAsync: Polling on remoteEndPoint: 127.0.0.1:55622 localEndPoint: 127.0.0.1:55606
TpTrace Verbose: 0 : 2272, 13, 2021/11/13, 21:23:34.659, 58435667127, vstest.console.dll, TcpClientExtensions.MessageLoopAsync: Polling on remoteEndPoint: 127.0.0.1:55622 localEndPoint: 127.0.0.1:55606
TpTrace Verbose: 0 : 2272, 13, 2021/11/13, 21:23:35.660, 58445684829, vstest.console.dll, TcpClientExtensions.MessageLoopAsync: Polling on remoteEndPoint: 127.0.0.1:55622 localEndPoint: 127.0.0.1:55606
TpTrace Verbose: 0 : 2272, 13, 2021/11/13, 21:23:36.673, 58455806617, vstest.console.dll, TcpClientExtensions.MessageLoopAsync: Polling on remoteEndPoint: 127.0.0.1:55622 localEndPoint: 127.0.0.1:55606
TpTrace Verbose: 0 : 2272, 13, 2021/11/13, 21:23:37.686, 58465937767, vstest.console.dll, TcpClientExtensions.MessageLoopAsync: Polling on remoteEndPoint: 127.0.0.1:55622 localEndPoint: 127.0.0.1:55606
TpTrace Verbose: 0 : 2272, 13, 2021/11/13, 21:23:38.690, 58475976063, vstest.console.dll, TcpClientExtensions.MessageLoopAsync: Polling on remoteEndPoint: 127.0.0.1:55622 localEndPoint: 127.0.0.1:55606
TpTrace Verbose: 0 : 2272, 13, 2021/11/13, 21:23:39.704, 58486121254, vstest.console.dll, TcpClientExtensions.MessageLoopAsync: Polling on remoteEndPoint: 127.0.0.1:55622 localEndPoint: 127.0.0.1:55606
TpTrace Verbose: 0 : 2272, 13, 2021/11/13, 21:23:40.705, 58496130020, vstest.console.dll, TcpClientExtensions.MessageLoopAsync: Polling on remoteEndPoint: 127.0.0.1:55622 localEndPoint: 127.0.0.1:55606
TpTrace Verbose: 0 : 2272, 13, 2021/11/13, 21:23:41.720, 58506275475, vstest.console.dll, TcpClientExtensions.MessageLoopAsync: Polling on remoteEndPoint: 127.0.0.1:55622 localEndPoint: 127.0.0.1:55606
TpTrace Verbose: 0 : 2272, 13, 2021/11/13, 21:23:42.734, 58516419626, vstest.console.dll, TcpClientExtensions.MessageLoopAsync: Polling on remoteEndPoint: 127.0.0.1:55622 localEndPoint: 127.0.0.1:55606
TpTrace Verbose: 0 : 2272, 13, 2021/11/13, 21:23:43.737, 58526453586, vstest.console.dll, TcpClientExtensions.MessageLoopAsync: Polling on remoteEndPoint: 127.0.0.1:55622 localEndPoint: 127.0.0.1:55606
TpTrace Verbose: 0 : 2272, 13, 2021/11/13, 21:23:44.751, 58536591599, vstest.console.dll, TcpClientExtensions.MessageLoopAsync: Polling on remoteEndPoint: 127.0.0.1:55622 localEndPoint: 127.0.0.1:55606
TpTrace Verbose: 0 : 2272, 13, 2021/11/13, 21:23:45.765, 58546728543, vstest.console.dll, TcpClientExtensions.MessageLoopAsync: Polling on remoteEndPoint: 127.0.0.1:55622 localEndPoint: 127.0.0.1:55606
TpTrace Verbose: 0 : 2272, 13, 2021/11/13, 21:23:46.765, 58556729590, vstest.console.dll, TcpClientExtensions.MessageLoopAsync: Polling on remoteEndPoint: 127.0.0.1:55622 localEndPoint: 127.0.0.1:55606
TpTrace Verbose: 0 : 2272, 13, 2021/11/13, 21:23:47.780, 58566877653, vstest.console.dll, TcpClientExtensions.MessageLoopAsync: Polling on remoteEndPoint: 127.0.0.1:55622 localEndPoint: 127.0.0.1:55606
TpTrace Verbose: 0 : 2272, 13, 2021/11/13, 21:23:48.781, 58576887738, vstest.console.dll, TcpClientExtensions.MessageLoopAsync: Polling on remoteEndPoint: 127.0.0.1:55622 localEndPoint: 127.0.0.1:55606
TpTrace Verbose: 0 : 2272, 13, 2021/11/13, 21:23:49.790, 58586980731, vstest.console.dll, TcpClientExtensions.MessageLoopAsync: Polling on remoteEndPoint: 127.0.0.1:55622 localEndPoint: 127.0.0.1:55606
TpTrace Verbose: 0 : 2272, 13, 2021/11/13, 21:23:50.802, 58597103136, vstest.console.dll, TcpClientExtensions.MessageLoopAsync: Polling on remoteEndPoint: 127.0.0.1:55622 localEndPoint: 127.0.0.1:55606
TpTrace Verbose: 0 : 2272, 13, 2021/11/13, 21:23:51.805, 58607128760, vstest.console.dll, TcpClientExtensions.MessageLoopAsync: Polling on remoteEndPoint: 127.0.0.1:55622 localEndPoint: 127.0.0.1:55606
TpTrace Verbose: 0 : 2272, 13, 2021/11/13, 21:23:52.808, 58617163800, vstest.console.dll, TcpClientExtensions.MessageLoopAsync: Polling on remoteEndPoint: 127.0.0.1:55622 localEndPoint: 127.0.0.1:55606
TpTrace Verbose: 0 : 2272, 13, 2021/11/13, 21:23:53.821, 58627287706, vstest.console.dll, TcpClientExtensions.MessageLoopAsync: Polling on remoteEndPoint: 127.0.0.1:55622 localEndPoint: 127.0.0.1:55606
TpTrace Verbose: 0 : 2272, 13, 2021/11/13, 21:23:54.835, 58637433011, vstest.console.dll, TcpClientExtensions.MessageLoopAsync: Polling on remoteEndPoint: 127.0.0.1:55622 localEndPoint: 127.0.0.1:55606
TpTrace Verbose: 0 : 2272, 13, 2021/11/13, 21:23:55.848, 58647558605, vstest.console.dll, TcpClientExtensions.MessageLoopAsync: Polling on remoteEndPoint: 127.0.0.1:55622 localEndPoint: 127.0.0.1:55606
TpTrace Verbose: 0 : 2272, 13, 2021/11/13, 21:23:56.848, 58657560972, vstest.console.dll, TcpClientExtensions.MessageLoopAsync: Polling on remoteEndPoint: 127.0.0.1:55622 localEndPoint: 127.0.0.1:55606
TpTrace Verbose: 0 : 2272, 13, 2021/11/13, 21:23:57.849, 58667569033, vstest.console.dll, TcpClientExtensions.MessageLoopAsync: Polling on remoteEndPoint: 127.0.0.1:55622 localEndPoint: 127.0.0.1:55606
TpTrace Verbose: 0 : 2272, 13, 2021/11/13, 21:23:58.851, 58677590430, vstest.console.dll, TcpClientExtensions.MessageLoopAsync: Polling on remoteEndPoint: 127.0.0.1:55622 localEndPoint: 127.0.0.1:55606
TpTrace Verbose: 0 : 2272, 13, 2021/11/13, 21:23:59.852, 58687596500, vstest.console.dll, TcpClientExtensions.MessageLoopAsync: Polling on remoteEndPoint: 127.0.0.1:55622 localEndPoint: 127.0.0.1:55606
TpTrace Verbose: 0 : 2272, 13, 2021/11/13, 21:24:00.866, 58697737013, vstest.console.dll, TcpClientExtensions.MessageLoopAsync: Polling on remoteEndPoint: 127.0.0.1:55622 localEndPoint: 127.0.0.1:55606
TpTrace Verbose: 0 : 2272, 13, 2021/11/13, 21:24:01.868, 58707763232, vstest.console.dll, TcpClientExtensions.MessageLoopAsync: Polling on remoteEndPoint: 127.0.0.1:55622 localEndPoint: 127.0.0.1:55606
TpTrace Verbose: 0 : 2272, 13, 2021/11/13, 21:24:02.882, 58717902143, vstest.console.dll, TcpClientExtensions.MessageLoopAsync: Polling on remoteEndPoint: 127.0.0.1:55622 localEndPoint: 127.0.0.1:55606
TpTrace Verbose: 0 : 2272, 13, 2021/11/13, 21:24:03.894, 58728024207, vstest.console.dll, TcpClientExtensions.MessageLoopAsync: Polling on remoteEndPoint: 127.0.0.1:55622 localEndPoint: 127.0.0.1:55606
TpTrace Verbose: 0 : 2272, 13, 2021/11/13, 21:24:04.895, 58738033325, vstest.console.dll, TcpClientExtensions.MessageLoopAsync: Polling on remoteEndPoint: 127.0.0.1:55622 localEndPoint: 127.0.0.1:55606
TpTrace Verbose: 0 : 2272, 13, 2021/11/13, 21:24:05.909, 58748172321, vstest.console.dll, TcpClientExtensions.MessageLoopAsync: Polling on remoteEndPoint: 127.0.0.1:55622 localEndPoint: 127.0.0.1:55606
TpTrace Verbose: 0 : 2272, 13, 2021/11/13, 21:24:06.922, 58758301472, vstest.console.dll, TcpClientExtensions.MessageLoopAsync: Polling on remoteEndPoint: 127.0.0.1:55622 localEndPoint: 127.0.0.1:55606
TpTrace Verbose: 0 : 2272, 13, 2021/11/13, 21:24:07.927, 58768350350, vstest.console.dll, TcpClientExtensions.MessageLoopAsync: Polling on remoteEndPoint: 127.0.0.1:55622 localEndPoint: 127.0.0.1:55606
TpTrace Verbose: 0 : 2272, 13, 2021/11/13, 21:24:08.942, 58778497354, vstest.console.dll, TcpClientExtensions.MessageLoopAsync: Polling on remoteEndPoint: 127.0.0.1:55622 localEndPoint: 127.0.0.1:55606
TpTrace Verbose: 0 : 2272, 13, 2021/11/13, 21:24:09.952, 58788600842, vstest.console.dll, TcpClientExtensions.MessageLoopAsync: Polling on remoteEndPoint: 127.0.0.1:55622 localEndPoint: 127.0.0.1:55606
TpTrace Verbose: 0 : 2272, 13, 2021/11/13, 21:24:10.964, 58798723215, vstest.console.dll, TcpClientExtensions.MessageLoopAsync: Polling on remoteEndPoint: 127.0.0.1:55622 localEndPoint: 127.0.0.1:55606
TpTrace Verbose: 0 : 2272, 13, 2021/11/13, 21:24:11.978, 58808859181, vstest.console.dll, TcpClientExtensions.MessageLoopAsync: Polling on remoteEndPoint: 127.0.0.1:55622 localEndPoint: 127.0.0.1:55606
TpTrace Verbose: 0 : 2272, 13, 2021/11/13, 21:24:12.982, 58818898092, vstest.console.dll, TcpClientExtensions.MessageLoopAsync: Polling on remoteEndPoint: 127.0.0.1:55622 localEndPoint: 127.0.0.1:55606
TpTrace Verbose: 0 : 2272, 13, 2021/11/13, 21:24:13.996, 58829039131, vstest.console.dll, TcpClientExtensions.MessageLoopAsync: Polling on remoteEndPoint: 127.0.0.1:55622 localEndPoint: 127.0.0.1:55606
TpTrace Verbose: 0 : 2272, 13, 2021/11/13, 21:24:15.033, 58839414908, vstest.console.dll, TcpClientExtensions.MessageLoopAsync: Polling on remoteEndPoint: 127.0.0.1:55622 localEndPoint: 127.0.0.1:55606
TpTrace Verbose: 0 : 2272, 13, 2021/11/13, 21:24:16.048, 58849561712, vstest.console.dll, TcpClientExtensions.MessageLoopAsync: Polling on remoteEndPoint: 127.0.0.1:55622 localEndPoint: 127.0.0.1:55606
TpTrace Verbose: 0 : 2272, 13, 2021/11/13, 21:24:17.053, 58859608126, vstest.console.dll, TcpClientExtensions.MessageLoopAsync: Polling on remoteEndPoint: 127.0.0.1:55622 localEndPoint: 127.0.0.1:55606
TpTrace Verbose: 0 : 2272, 13, 2021/11/13, 21:24:18.058, 58869658020, vstest.console.dll, TcpClientExtensions.MessageLoopAsync: Polling on remoteEndPoint: 127.0.0.1:55622 localEndPoint: 127.0.0.1:55606
TpTrace Verbose: 0 : 2272, 13, 2021/11/13, 21:24:18.104, 58870115401, vstest.console.dll, TcpClientExtensions.MessageLoopAsync: NotifyDataAvailable remoteEndPoint: 127.0.0.1:55622 localEndPoint: 127.0.0.1:55606
TpTrace Verbose: 0 : 2272, 13, 2021/11/13, 21:24:18.104, 58870117469, vstest.console.dll, TestRequestSender.OnExecutionMessageReceived: Received message: {"Version":3,"MessageType":"TestSession.Message","Payload":{"MessageLevel":0,"Message":"[xUnit.net 00:02:18.69]   Discovering: Lulus.UnitTests"}}
TpTrace Verbose: 0 : 2272, 13, 2021/11/13, 21:24:18.104, 58870123456, vstest.console.dll, TestRunRequest:SendTestRunMessage: Starting.
TpTrace Information: 0 : 2272, 13, 2021/11/13, 21:24:18.105, 58870125979, vstest.console.dll, TestRunRequest:SendTestRunMessage: Completed.
TpTrace Verbose: 0 : 2272, 13, 2021/11/13, 21:24:18.105, 58870126778, vstest.console.dll, TcpClientExtensions.MessageLoopAsync: Polling on remoteEndPoint: 127.0.0.1:55622 localEndPoint: 127.0.0.1:55606
TpTrace Verbose: 0 : 2272, 13, 2021/11/13, 21:24:18.214, 58871223249, vstest.console.dll, TcpClientExtensions.MessageLoopAsync: NotifyDataAvailable remoteEndPoint: 127.0.0.1:55622 localEndPoint: 127.0.0.1:55606
TpTrace Verbose: 0 : 2272, 13, 2021/11/13, 21:24:18.215, 58871225704, vstest.console.dll, TestRequestSender.OnExecutionMessageReceived: Received message: {"Version":3,"MessageType":"TestSession.Message","Payload":{"MessageLevel":0,"Message":"[xUnit.net 00:02:18.81]   Discovered:  Lulus.UnitTests"}}
TpTrace Verbose: 0 : 2272, 13, 2021/11/13, 21:24:18.215, 58871227901, vstest.console.dll, TestRunRequest:SendTestRunMessage: Starting.
TpTrace Information: 0 : 2272, 13, 2021/11/13, 21:24:18.215, 58871229357, vstest.console.dll, TestRunRequest:SendTestRunMessage: Completed.
TpTrace Verbose: 0 : 2272, 13, 2021/11/13, 21:24:18.215, 58871229995, vstest.console.dll, TcpClientExtensions.MessageLoopAsync: Polling on remoteEndPoint: 127.0.0.1:55622 localEndPoint: 127.0.0.1:55606
TpTrace Verbose: 0 : 2272, 13, 2021/11/13, 21:24:18.219, 58871270560, vstest.console.dll, TcpClientExtensions.MessageLoopAsync: NotifyDataAvailable remoteEndPoint: 127.0.0.1:55622 localEndPoint: 127.0.0.1:55606
TpTrace Verbose: 0 : 2272, 13, 2021/11/13, 21:24:18.219, 58871273098, vstest.console.dll, TestRequestSender.OnExecutionMessageReceived: Received message: {"Version":3,"MessageType":"TestSession.Message","Payload":{"MessageLevel":0,"Message":"[xUnit.net 00:02:18.81]   Starting:    Lulus.UnitTests"}}
TpTrace Verbose: 0 : 2272, 13, 2021/11/13, 21:24:18.220, 58871275831, vstest.console.dll, TestRunRequest:SendTestRunMessage: Starting.
TpTrace Information: 0 : 2272, 13, 2021/11/13, 21:24:18.220, 58871277236, vstest.console.dll, TestRunRequest:SendTestRunMessage: Completed.
TpTrace Verbose: 0 : 2272, 13, 2021/11/13, 21:24:18.220, 58871278051, vstest.console.dll, TcpClientExtensions.MessageLoopAsync: Polling on remoteEndPoint: 127.0.0.1:55622 localEndPoint: 127.0.0.1:55606
TpTrace Verbose: 0 : 2272, 13, 2021/11/13, 21:24:18.728, 58876361540, vstest.console.dll, TcpClientExtensions.MessageLoopAsync: NotifyDataAvailable remoteEndPoint: 127.0.0.1:55622 localEndPoint: 127.0.0.1:55606
TpTrace Verbose: 0 : 2272, 13, 2021/11/13, 21:24:18.728, 58876364201, vstest.console.dll, TestRequestSender.OnExecutionMessageReceived: Received message: {"Version":3,"MessageType":"TestExecution.StatsChange","Payload":{"NewTestResults":[],"TestRunStatistics":{"ExecutedTests":0,"Stats":{}},"ActiveTests":[{"Properties":[{"Key":{"Id":"TestCase.FullyQualifiedName","Label":"FullyQualifiedName","Category":"","Description":"","Attributes":1,"ValueType":"System.String"},"Value":"Lulus.UnitTests.BAL.Categories.CategoryTest.GetAllCategory_Success_WithData"},{"Key":{"Id":"TestCase.ExecutorUri","Label":"Executor Uri","Category":"","Description":"","Attributes":1,"ValueType":"System.Uri"},"Value":"executor://xunit/VsTestRunner2/netcoreapp"},{"Key":{"Id":"TestCase.Source","Label":"Source","Category":"","Description":"","Attributes":0,"ValueType":"System.String"},"Value":"C:\\Users\\USER\\Documents\\GitHub\\Lulus-for-coverlet-test\\Lulus.UnitTests\\bin\\Debug\\net5.0\\fine-code-coverage\\build-output\\Lulus.UnitTests.dll"},{"Key":{"Id":"TestCase.CodeFilePath","Label":"File Path","Category":"","Description":"","Attributes":0,"ValueType":"System.String"},"Value":null},{"Key":{"Id":"TestCase.DisplayName","Label":"Name","Category":"","Description":"","Attributes":0,"ValueType":"System.String"},"Value":"Lulus.UnitTests.BAL.Categories.CategoryTest.GetAllCategory_Success_WithData"},{"Key":{"Id":"TestCase.Id","Label":"Id","Category":"","Description":"","Attributes":1,"ValueType":"System.Guid"},"Value":"d2c8e53f-c688-6b8d-59b2-09c13158d20b"},{"Key":{"Id":"TestCase.LineNumber","Label":"Line Number","Category":"","Description":"","Attributes":1,"ValueType":"System.Int32"},"Value":0}]}]}}
TpTrace Verbose: 0 : 2272, 13, 2021/11/13, 21:24:18.792, 58877005147, vstest.console.dll, TestRunRequest:SendTestRunStatsChange: Starting.
TpTrace Verbose: 0 : 2272, 13, 2021/11/13, 21:24:18.793, 58877007445, vstest.console.dll, InProgress is Lulus.UnitTests.BAL.Categories.CategoryTest.GetAllCategory_Success_WithData
TpTrace Information: 0 : 2272, 13, 2021/11/13, 21:24:18.793, 58877009676, vstest.console.dll, TestRunRequest:SendTestRunStatsChange: Completed.
TpTrace Verbose: 0 : 2272, 13, 2021/11/13, 21:24:18.793, 58877010455, vstest.console.dll, TcpClientExtensions.MessageLoopAsync: Polling on remoteEndPoint: 127.0.0.1:55622 localEndPoint: 127.0.0.1:55606
TpTrace Verbose: 0 : 2272, 13, 2021/11/13, 21:24:19.800, 58887082583, vstest.console.dll, TcpClientExtensions.MessageLoopAsync: Polling on remoteEndPoint: 127.0.0.1:55622 localEndPoint: 127.0.0.1:55606
TpTrace Verbose: 0 : 2272, 13, 2021/11/13, 21:24:20.240, 58891482139, vstest.console.dll, TcpClientExtensions.MessageLoopAsync: NotifyDataAvailable remoteEndPoint: 127.0.0.1:55622 localEndPoint: 127.0.0.1:55606
TpTrace Verbose: 0 : 2272, 13, 2021/11/13, 21:24:20.241, 58891485723, vstest.console.dll, TestRequestSender.OnExecutionMessageReceived: Received message: {"Version":3,"MessageType":"TestExecution.StatsChange","Payload":{"NewTestResults":[],"TestRunStatistics":{"ExecutedTests":0,"Stats":{}},"ActiveTests":[{"Properties":[{"Key":{"Id":"TestCase.FullyQualifiedName","Label":"FullyQualifiedName","Category":"","Description":"","Attributes":1,"ValueType":"System.String"},"Value":"Lulus.UnitTests.BAL.Products.ManageProductTest.GetAllProducts_Success_WithoutData"},{"Key":{"Id":"TestCase.ExecutorUri","Label":"Executor Uri","Category":"","Description":"","Attributes":1,"ValueType":"System.Uri"},"Value":"executor://xunit/VsTestRunner2/netcoreapp"},{"Key":{"Id":"TestCase.Source","Label":"Source","Category":"","Description":"","Attributes":0,"ValueType":"System.String"},"Value":"C:\\Users\\USER\\Documents\\GitHub\\Lulus-for-coverlet-test\\Lulus.UnitTests\\bin\\Debug\\net5.0\\fine-code-coverage\\build-output\\Lulus.UnitTests.dll"},{"Key":{"Id":"TestCase.CodeFilePath","Label":"File Path","Category":"","Description":"","Attributes":0,"ValueType":"System.String"},"Value":null},{"Key":{"Id":"TestCase.DisplayName","Label":"Name","Category":"","Description":"","Attributes":0,"ValueType":"System.String"},"Value":"Lulus.UnitTests.BAL.Products.ManageProductTest.GetAllProducts_Success_WithoutData"},{"Key":{"Id":"TestCase.Id","Label":"Id","Category":"","Description":"","Attributes":1,"ValueType":"System.Guid"},"Value":"e6990fb0-8f78-02bf-df67-1a604860a6e2"},{"Key":{"Id":"TestCase.LineNumber","Label":"Line Number","Category":"","Description":"","Attributes":1,"ValueType":"System.Int32"},"Value":0}]},{"Properties":[{"Key":{"Id":"TestCase.FullyQualifiedName","Label":"FullyQualifiedName","Category":"","Description":"","Attributes":1,"ValueType":"System.String"},"Value":"Lulus.UnitTests.BAL.Products.ProductTest.GetAllProducts_Success_WithData"},{"Key":{"Id":"TestCase.ExecutorUri","Label":"Executor Uri","Category":"","Description":"","Attributes":1,"ValueType":"System.Uri"},"Value":"executor://xunit/VsTestRunner2/netcoreapp"},{"Key":{"Id":"TestCase.Source","Label":"Source","Category":"","Description":"","Attributes":0,"ValueType":"System.String"},"Value":"C:\\Users\\USER\\Documents\\GitHub\\Lulus-for-coverlet-test\\Lulus.UnitTests\\bin\\Debug\\net5.0\\fine-code-coverage\\build-output\\Lulus.UnitTests.dll"},{"Key":{"Id":"TestCase.CodeFilePath","Label":"File Path","Category":"","Description":"","Attributes":0,"ValueType":"System.String"},"Value":null},{"Key":{"Id":"TestCase.DisplayName","Label":"Name","Category":"","Description":"","Attributes":0,"ValueType":"System.String"},"Value":"Lulus.UnitTests.BAL.Products.ProductTest.GetAllProducts_Success_WithData"},{"Key":{"Id":"TestCase.Id","Label":"Id","Category":"","Description":"","Attributes":1,"ValueType":"System.Guid"},"Value":"c0122788-5ff8-d88b-0766-08db3c7ef8a8"},{"Key":{"Id":"TestCase.LineNumber","Label":"Line Number","Category":"","Description":"","Attributes":1,"ValueType":"System.Int32"},"Value":0}]}]}}
TpTrace Verbose: 0 : 2272, 13, 2021/11/13, 21:24:20.241, 58891495051, vstest.console.dll, TestRunRequest:SendTestRunStatsChange: Starting.
TpTrace Verbose: 0 : 2272, 13, 2021/11/13, 21:24:20.242, 58891496076, vstest.console.dll, InProgress is Lulus.UnitTests.BAL.Products.ManageProductTest.GetAllProducts_Success_WithoutData
TpTrace Verbose: 0 : 2272, 13, 2021/11/13, 21:24:20.242, 58891496479, vstest.console.dll, InProgress is Lulus.UnitTests.BAL.Products.ProductTest.GetAllProducts_Success_WithData
TpTrace Information: 0 : 2272, 13, 2021/11/13, 21:24:20.242, 58891496911, vstest.console.dll, TestRunRequest:SendTestRunStatsChange: Completed.
TpTrace Verbose: 0 : 2272, 13, 2021/11/13, 21:24:20.242, 58891497280, vstest.console.dll, TcpClientExtensions.MessageLoopAsync: Polling on remoteEndPoint: 127.0.0.1:55622 localEndPoint: 127.0.0.1:55606
TpTrace Verbose: 0 : 2272, 13, 2021/11/13, 21:24:21.255, 58901630309, vstest.console.dll, TcpClientExtensions.MessageLoopAsync: Polling on remoteEndPoint: 127.0.0.1:55622 localEndPoint: 127.0.0.1:55606
TpTrace Verbose: 0 : 2272, 13, 2021/11/13, 21:24:22.258, 58911658971, vstest.console.dll, TcpClientExtensions.MessageLoopAsync: Polling on remoteEndPoint: 127.0.0.1:55622 localEndPoint: 127.0.0.1:55606
TpTrace Verbose: 0 : 2272, 13, 2021/11/13, 21:24:23.270, 58921779119, vstest.console.dll, TcpClientExtensions.MessageLoopAsync: Polling on remoteEndPoint: 127.0.0.1:55622 localEndPoint: 127.0.0.1:55606
TpTrace Verbose: 0 : 2272, 13, 2021/11/13, 21:24:24.272, 58931799401, vstest.console.dll, TcpClientExtensions.MessageLoopAsync: Polling on remoteEndPoint: 127.0.0.1:55622 localEndPoint: 127.0.0.1:55606
TpTrace Verbose: 0 : 2272, 13, 2021/11/13, 21:24:24.878, 58937856241, vstest.console.dll, TcpClientExtensions.MessageLoopAsync: NotifyDataAvailable remoteEndPoint: 127.0.0.1:55622 localEndPoint: 127.0.0.1:55606
TpTrace Verbose: 0 : 2272, 13, 2021/11/13, 21:24:24.878, 58937858932, vstest.console.dll, TestRequestSender.OnExecutionMessageReceived: Received message: {"Version":3,"MessageType":"TestExecution.StatsChange","Payload":{"NewTestResults":[{"TestCase":{"Properties":[{"Key":{"Id":"TestCase.FullyQualifiedName","Label":"FullyQualifiedName","Category":"","Description":"","Attributes":1,"ValueType":"System.String"},"Value":"Lulus.UnitTests.BAL.Products.ManageProductTest.GetAllProducts_Success_WithoutData"},{"Key":{"Id":"TestCase.ExecutorUri","Label":"Executor Uri","Category":"","Description":"","Attributes":1,"ValueType":"System.Uri"},"Value":"executor://xunit/VsTestRunner2/netcoreapp"},{"Key":{"Id":"TestCase.Source","Label":"Source","Category":"","Description":"","Attributes":0,"ValueType":"System.String"},"Value":"C:\\Users\\USER\\Documents\\GitHub\\Lulus-for-coverlet-test\\Lulus.UnitTests\\bin\\Debug\\net5.0\\fine-code-coverage\\build-output\\Lulus.UnitTests.dll"},{"Key":{"Id":"TestCase.CodeFilePath","Label":"File Path","Category":"","Description":"","Attributes":0,"ValueType":"System.String"},"Value":null},{"Key":{"Id":"TestCase.DisplayName","Label":"Name","Category":"","Description":"","Attributes":0,"ValueType":"System.String"},"Value":"Lulus.UnitTests.BAL.Products.ManageProductTest.GetAllProducts_Success_WithoutData"},{"Key":{"Id":"TestCase.Id","Label":"Id","Category":"","Description":"","Attributes":1,"ValueType":"System.Guid"},"Value":"e6990fb0-8f78-02bf-df67-1a604860a6e2"},{"Key":{"Id":"TestCase.LineNumber","Label":"Line Number","Category":"","Description":"","Attributes":1,"ValueType":"System.Int32"},"Value":0}]},"Attachments":[],"Messages":[],"Properties":[{"Key":{"Id":"TestResult.Outcome","Label":"Outcome","Category":"","Description":"","Attributes":0,"ValueType":"Microsoft.VisualStudio.TestPlatform.ObjectModel.TestOutcome, Microsoft.VisualStudio.TestPlatform.ObjectModel, Version=15.0.0.0, Culture=neutral, PublicKeyToken=b03f5f7f11d50a3a"},"Value":1},{"Key":{"Id":"TestResult.ErrorMessage","Label":"Error Message","Category":"","Description":"","Attributes":0,"ValueType":"System.String"},"Value":null},{"Key":{"Id":"TestResult.ErrorStackTrace","Label":"Error Stack Trace","Category":"","Description":"","Attributes":0,"ValueType":"System.String"},"Value":null},{"Key":{"Id":"TestResult.DisplayName","Label":"TestResult Display Name","Category":"","Description":"","Attributes":1,"ValueType":"System.String"},"Value":"Lulus.UnitTests.BAL.Products.ManageProductTest.GetAllProducts_Success_WithoutData"},{"Key":{"Id":"TestResult.ComputerName","Label":"Computer Name","Category":"","Description":"","Attributes":0,"ValueType":"System.String"},"Value":"DESKTOP-EH3MAF9"},{"Key":{"Id":"TestResult.Duration","Label":"Duration","Category":"","Description":"","Attributes":0,"ValueType":"System.TimeSpan"},"Value":"00:00:06.4084567"},{"Key":{"Id":"TestResult.StartTime","Label":"Start Time","Category":"","Description":"","Attributes":0,"ValueType":"System.DateTimeOffset"},"Value":"2021-11-13T14:24:24.8436701+00:00"},{"Key":{"Id":"TestResult.EndTime","Label":"End Time","Category":"","Description":"","Attributes":0,"ValueType":"System.DateTimeOffset"},"Value":"2021-11-13T14:24:24.8437244+00:00"}]},{"TestCase":{"Properties":[{"Key":{"Id":"TestCase.FullyQualifiedName","Label":"FullyQualifiedName","Category":"","Description":"","Attributes":1,"ValueType":"System.String"},"Value":"Lulus.UnitTests.BAL.Categories.CategoryTest.GetAllCategory_Success_WithData"},{"Key":{"Id":"TestCase.ExecutorUri","Label":"Executor Uri","Category":"","Description":"","Attributes":1,"ValueType":"System.Uri"},"Value":"executor://xunit/VsTestRunner2/netcoreapp"},{"Key":{"Id":"TestCase.Source","Label":"Source","Category":"","Description":"","Attributes":0,"ValueType":"System.String"},"Value":"C:\\Users\\USER\\Documents\\GitHub\\Lulus-for-coverlet-test\\Lulus.UnitTests\\bin\\Debug\\net5.0\\fine-code-coverage\\build-output\\Lulus.UnitTests.dll"},{"Key":{"Id":"TestCase.CodeFilePath","Label":"File Path","Category":"","Description":"","Attributes":0,"ValueType":"System.String"},"Value":null},{"Key":{"Id":"TestCase.DisplayName","Label":"Name","Category":"","Description":"","Attributes":0,"ValueType":"System.String"},"Value":"Lulus.UnitTests.BAL.Categories.CategoryTest.GetAllCategory_Success_WithData"},{"Key":{"Id":"TestCase.Id","Label":"Id","Category":"","Description":"","Attributes":1,"ValueType":"System.Guid"},"Value":"d2c8e53f-c688-6b8d-59b2-09c13158d20b"},{"Key":{"Id":"TestCase.LineNumber","Label":"Line Number","Category":"","Description":"","Attributes":1,"ValueType":"System.Int32"},"Value":0}]},"Attachments":[],"Messages":[],"Properties":[{"Key":{"Id":"TestResult.Outcome","Label":"Outcome","Category":"","Description":"","Attributes":0,"ValueType":"Microsoft.VisualStudio.TestPlatform.ObjectModel.TestOutcome, Microsoft.VisualStudio.TestPlatform.ObjectModel, Version=15.0.0.0, Culture=neutral, PublicKeyToken=b03f5f7f11d50a3a"},"Value":1},{"Key":{"Id":"TestResult.ErrorMessage","Label":"Error Message","Category":"","Description":"","Attributes":0,"ValueType":"System.String"},"Value":null},{"Key":{"Id":"TestResult.ErrorStackTrace","Label":"Error Stack Trace","Category":"","Description":"","Attributes":0,"ValueType":"System.String"},"Value":null},{"Key":{"Id":"TestResult.DisplayName","Label":"TestResult Display Name","Category":"","Description":"","Attributes":1,"ValueType":"System.String"},"Value":"Lulus.UnitTests.BAL.Categories.CategoryTest.GetAllCategory_Success_WithData"},{"Key":{"Id":"TestResult.ComputerName","Label":"Computer Name","Category":"","Description":"","Attributes":0,"ValueType":"System.String"},"Value":"DESKTOP-EH3MAF9"},{"Key":{"Id":"TestResult.Duration","Label":"Duration","Category":"","Description":"","Attributes":0,"ValueType":"System.TimeSpan"},"Value":"00:00:06.4199110"},{"Key":{"Id":"TestResult.StartTime","Label":"Start Time","Category":"","Description":"","Attributes":0,"ValueType":"System.DateTimeOffset"},"Value":"2021-11-13T14:24:24.86854+00:00"},{"Key":{"Id":"TestResult.EndTime","Label":"End Time","Category":"","Description":"","Attributes":0,"ValueType":"System.DateTimeOffset"},"Value":"2021-11-13T14:24:24.8685414+00:00"}]}],"TestRunStatistics":{"ExecutedTests":2,"Stats":{"Passed":2}},"ActiveTests":[{"Properties":[{"Key":{"Id":"TestCase.FullyQualifiedName","Label":"FullyQualifiedName","Category":"","Description":"","Attributes":1,"ValueType":"System.String"},"Value":"Lulus.UnitTests.BAL.Categories.CategoryTest.GetAllCategory_Success_WithoutData"},{"Key":{"Id":"TestCase.ExecutorUri","Label":"Executor Uri","Category":"","Description":"","Attributes":1,"ValueType":"System.Uri"},"Value":"executor://xunit/VsTestRunner2/netcoreapp"},{"Key":{"Id":"TestCase.Source","Label":"Source","Category":"","Description":"","Attributes":0,"ValueType":"System.String"},"Value":"C:\\Users\\USER\\Documents\\GitHub\\Lulus-for-coverlet-test\\Lulus.UnitTests\\bin\\Debug\\net5.0\\fine-code-coverage\\build-output\\Lulus.UnitTests.dll"},{"Key":{"Id":"TestCase.CodeFilePath","Label":"File Path","Category":"","Description":"","Attributes":0,"ValueType":"System.String"},"Value":null},{"Key":{"Id":"TestCase.DisplayName","Label":"Name","Category":"","Description":"","Attributes":0,"ValueType":"System.String"},"Value":"Lulus.UnitTests.BAL.Categories.CategoryTest.GetAllCategory_Success_WithoutData"},{"Key":{"Id":"TestCase.Id","Label":"Id","Category":"","Description":"","Attributes":1,"ValueType":"System.Guid"},"Value":"88fa148a-5f09-23a9-cf1d-94e42addb1fb"},{"Key":{"Id":"TestCase.LineNumber","Label":"Line Number","Category":"","Description":"","Attributes":1,"ValueType":"System.Int32"},"Value":0}]}]}}
TpTrace Verbose: 0 : 2272, 13, 2021/11/13, 21:24:25.694, 58946018740, vstest.console.dll, TestRunRequest:SendTestRunStatsChange: Starting.
TpTrace Verbose: 0 : 2272, 13, 2021/11/13, 21:24:25.694, 58946020241, vstest.console.dll, InProgress is Lulus.UnitTests.BAL.Categories.CategoryTest.GetAllCategory_Success_WithoutData
TpTrace Information: 0 : 2272, 13, 2021/11/13, 21:24:25.694, 58946023277, vstest.console.dll, TestRunRequest:SendTestRunStatsChange: Completed.
TpTrace Verbose: 0 : 2272, 13, 2021/11/13, 21:24:25.694, 58946023976, vstest.console.dll, TcpClientExtensions.MessageLoopAsync: Polling on remoteEndPoint: 127.0.0.1:55622 localEndPoint: 127.0.0.1:55606
TpTrace Verbose: 0 : 2272, 13, 2021/11/13, 21:24:26.398, 58953064638, vstest.console.dll, TcpClientExtensions.MessageLoopAsync: NotifyDataAvailable remoteEndPoint: 127.0.0.1:55622 localEndPoint: 127.0.0.1:55606
TpTrace Verbose: 0 : 2272, 13, 2021/11/13, 21:24:26.399, 58953067538, vstest.console.dll, TestRequestSender.OnExecutionMessageReceived: Received message: {"Version":3,"MessageType":"TestExecution.StatsChange","Payload":{"NewTestResults":[{"TestCase":{"Properties":[{"Key":{"Id":"TestCase.FullyQualifiedName","Label":"FullyQualifiedName","Category":"","Description":"","Attributes":1,"ValueType":"System.String"},"Value":"Lulus.UnitTests.BAL.Categories.CategoryTest.GetAllCategory_Success_WithoutData"},{"Key":{"Id":"TestCase.ExecutorUri","Label":"Executor Uri","Category":"","Description":"","Attributes":1,"ValueType":"System.Uri"},"Value":"executor://xunit/VsTestRunner2/netcoreapp"},{"Key":{"Id":"TestCase.Source","Label":"Source","Category":"","Description":"","Attributes":0,"ValueType":"System.String"},"Value":"C:\\Users\\USER\\Documents\\GitHub\\Lulus-for-coverlet-test\\Lulus.UnitTests\\bin\\Debug\\net5.0\\fine-code-coverage\\build-output\\Lulus.UnitTests.dll"},{"Key":{"Id":"TestCase.CodeFilePath","Label":"File Path","Category":"","Description":"","Attributes":0,"ValueType":"System.String"},"Value":null},{"Key":{"Id":"TestCase.DisplayName","Label":"Name","Category":"","Description":"","Attributes":0,"ValueType":"System.String"},"Value":"Lulus.UnitTests.BAL.Categories.CategoryTest.GetAllCategory_Success_WithoutData"},{"Key":{"Id":"TestCase.Id","Label":"Id","Category":"","Description":"","Attributes":1,"ValueType":"System.Guid"},"Value":"88fa148a-5f09-23a9-cf1d-94e42addb1fb"},{"Key":{"Id":"TestCase.LineNumber","Label":"Line Number","Category":"","Description":"","Attributes":1,"ValueType":"System.Int32"},"Value":0}]},"Attachments":[],"Messages":[],"Properties":[{"Key":{"Id":"TestResult.Outcome","Label":"Outcome","Category":"","Description":"","Attributes":0,"ValueType":"Microsoft.VisualStudio.TestPlatform.ObjectModel.TestOutcome, Microsoft.VisualStudio.TestPlatform.ObjectModel, Version=15.0.0.0, Culture=neutral, PublicKeyToken=b03f5f7f11d50a3a"},"Value":1},{"Key":{"Id":"TestResult.ErrorMessage","Label":"Error Message","Category":"","Description":"","Attributes":0,"ValueType":"System.String"},"Value":null},{"Key":{"Id":"TestResult.ErrorStackTrace","Label":"Error Stack Trace","Category":"","Description":"","Attributes":0,"ValueType":"System.String"},"Value":null},{"Key":{"Id":"TestResult.DisplayName","Label":"TestResult Display Name","Category":"","Description":"","Attributes":1,"ValueType":"System.String"},"Value":"Lulus.UnitTests.BAL.Categories.CategoryTest.GetAllCategory_Success_WithoutData"},{"Key":{"Id":"TestResult.ComputerName","Label":"Computer Name","Category":"","Description":"","Attributes":0,"ValueType":"System.String"},"Value":"DESKTOP-EH3MAF9"},{"Key":{"Id":"TestResult.Duration","Label":"Duration","Category":"","Description":"","Attributes":0,"ValueType":"System.TimeSpan"},"Value":"00:00:00.0317113"},{"Key":{"Id":"TestResult.StartTime","Label":"Start Time","Category":"","Description":"","Attributes":0,"ValueType":"System.DateTimeOffset"},"Value":"2021-11-13T14:24:24.8799304+00:00"},{"Key":{"Id":"TestResult.EndTime","Label":"End Time","Category":"","Description":"","Attributes":0,"ValueType":"System.DateTimeOffset"},"Value":"2021-11-13T14:24:24.8799325+00:00"}]}],"TestRunStatistics":{"ExecutedTests":3,"Stats":{"Passed":3}},"ActiveTests":[]}}
TpTrace Verbose: 0 : 2272, 13, 2021/11/13, 21:24:26.400, 58953081610, vstest.console.dll, TestRunRequest:SendTestRunStatsChange: Starting.
TpTrace Information: 0 : 2272, 13, 2021/11/13, 21:24:26.400, 58953083367, vstest.console.dll, TestRunRequest:SendTestRunStatsChange: Completed.
TpTrace Verbose: 0 : 2272, 13, 2021/11/13, 21:24:26.400, 58953084278, vstest.console.dll, TcpClientExtensions.MessageLoopAsync: Polling on remoteEndPoint: 127.0.0.1:55622 localEndPoint: 127.0.0.1:55606
TpTrace Verbose: 0 : 2272, 13, 2021/11/13, 21:24:27.408, 58963162739, vstest.console.dll, TcpClientExtensions.MessageLoopAsync: Polling on remoteEndPoint: 127.0.0.1:55622 localEndPoint: 127.0.0.1:55606
TpTrace Verbose: 0 : 2272, 13, 2021/11/13, 21:24:27.710, 58966183942, vstest.console.dll, TcpClientExtensions.MessageLoopAsync: NotifyDataAvailable remoteEndPoint: 127.0.0.1:55622 localEndPoint: 127.0.0.1:55606
TpTrace Verbose: 0 : 2272, 13, 2021/11/13, 21:24:27.711, 58966187266, vstest.console.dll, TestRequestSender.OnExecutionMessageReceived: Received message: {"Version":3,"MessageType":"TestSession.Message","Payload":{"MessageLevel":2,"Message":"[xUnit.net 00:02:28.30]     Lulus.UnitTests.BAL.Products.ProductTest.GetAllProducts_Success_WithData [FAIL]"}}
TpTrace Verbose: 0 : 2272, 13, 2021/11/13, 21:24:27.711, 58966189403, vstest.console.dll, TestRunRequest:SendTestRunMessage: Starting.
TpTrace Information: 0 : 2272, 13, 2021/11/13, 21:24:27.711, 58966190736, vstest.console.dll, TestRunRequest:SendTestRunMessage: Completed.
TpTrace Verbose: 0 : 2272, 13, 2021/11/13, 21:24:27.711, 58966191329, vstest.console.dll, TcpClientExtensions.MessageLoopAsync: Polling on remoteEndPoint: 127.0.0.1:55622 localEndPoint: 127.0.0.1:55606
TpTrace Verbose: 0 : 2272, 13, 2021/11/13, 21:24:27.712, 58966202648, vstest.console.dll, TcpClientExtensions.MessageLoopAsync: NotifyDataAvailable remoteEndPoint: 127.0.0.1:55622 localEndPoint: 127.0.0.1:55606
TpTrace Verbose: 0 : 2272, 13, 2021/11/13, 21:24:27.713, 58966205344, vstest.console.dll, TestRequestSender.OnExecutionMessageReceived: Received message: {"Version":3,"MessageType":"TestSession.Message","Payload":{"MessageLevel":0,"Message":"[xUnit.net 00:02:28.30]       System.InvalidOperationException : Sequence contains no elements"}}
TpTrace Verbose: 0 : 2272, 13, 2021/11/13, 21:24:27.713, 58966206941, vstest.console.dll, TestRunRequest:SendTestRunMessage: Starting.
TpTrace Information: 0 : 2272, 13, 2021/11/13, 21:24:27.713, 58966208071, vstest.console.dll, TestRunRequest:SendTestRunMessage: Completed.
TpTrace Verbose: 0 : 2272, 13, 2021/11/13, 21:24:27.713, 58966208627, vstest.console.dll, TcpClientExtensions.MessageLoopAsync: Polling on remoteEndPoint: 127.0.0.1:55622 localEndPoint: 127.0.0.1:55606
TpTrace Verbose: 0 : 2272, 13, 2021/11/13, 21:24:27.714, 58966220945, vstest.console.dll, TcpClientExtensions.MessageLoopAsync: NotifyDataAvailable remoteEndPoint: 127.0.0.1:55622 localEndPoint: 127.0.0.1:55606
TpTrace Verbose: 0 : 2272, 13, 2021/11/13, 21:24:27.714, 58966222512, vstest.console.dll, TestRequestSender.OnExecutionMessageReceived: Received message: {"Version":3,"MessageType":"TestSession.Message","Payload":{"MessageLevel":0,"Message":"[xUnit.net 00:02:28.30]       Stack Trace:"}}
TpTrace Verbose: 0 : 2272, 13, 2021/11/13, 21:24:27.714, 58966224137, vstest.console.dll, TestRunRequest:SendTestRunMessage: Starting.
TpTrace Information: 0 : 2272, 13, 2021/11/13, 21:24:27.715, 58966225224, vstest.console.dll, TestRunRequest:SendTestRunMessage: Completed.
TpTrace Verbose: 0 : 2272, 13, 2021/11/13, 21:24:27.715, 58966225927, vstest.console.dll, TcpClientExtensions.MessageLoopAsync: Polling on remoteEndPoint: 127.0.0.1:55622 localEndPoint: 127.0.0.1:55606
TpTrace Verbose: 0 : 2272, 13, 2021/11/13, 21:24:27.719, 58966269015, vstest.console.dll, TcpClientExtensions.MessageLoopAsync: NotifyDataAvailable remoteEndPoint: 127.0.0.1:55622 localEndPoint: 127.0.0.1:55606
TpTrace Verbose: 0 : 2272, 13, 2021/11/13, 21:24:27.719, 58966270511, vstest.console.dll, TestRequestSender.OnExecutionMessageReceived: Received message: {"Version":3,"MessageType":"TestSession.Message","Payload":{"MessageLevel":0,"Message":"[xUnit.net 00:02:28.31]            at System.Linq.ThrowHelper.ThrowNoElementsException()"}}
TpTrace Verbose: 0 : 2272, 13, 2021/11/13, 21:24:27.719, 58966272508, vstest.console.dll, TestRunRequest:SendTestRunMessage: Starting.
TpTrace Information: 0 : 2272, 13, 2021/11/13, 21:24:27.719, 58966273797, vstest.console.dll, TestRunRequest:SendTestRunMessage: Completed.
TpTrace Verbose: 0 : 2272, 13, 2021/11/13, 21:24:27.719, 58966274468, vstest.console.dll, TcpClientExtensions.MessageLoopAsync: Polling on remoteEndPoint: 127.0.0.1:55622 localEndPoint: 127.0.0.1:55606
TpTrace Verbose: 0 : 2272, 13, 2021/11/13, 21:24:27.719, 58966275148, vstest.console.dll, TcpClientExtensions.MessageLoopAsync: NotifyDataAvailable remoteEndPoint: 127.0.0.1:55622 localEndPoint: 127.0.0.1:55606
TpTrace Verbose: 0 : 2272, 13, 2021/11/13, 21:24:27.720, 58966275924, vstest.console.dll, TestRequestSender.OnExecutionMessageReceived: Received message: {"Version":3,"MessageType":"TestSession.Message","Payload":{"MessageLevel":0,"Message":"[xUnit.net 00:02:28.31]            at System.Linq.Enumerable.First[TSource](IEnumerable`1 source)"}}
TpTrace Verbose: 0 : 2272, 13, 2021/11/13, 21:24:27.720, 58966277245, vstest.console.dll, TestRunRequest:SendTestRunMessage: Starting.
TpTrace Information: 0 : 2272, 13, 2021/11/13, 21:24:27.720, 58966278208, vstest.console.dll, TestRunRequest:SendTestRunMessage: Completed.
TpTrace Verbose: 0 : 2272, 13, 2021/11/13, 21:24:27.720, 58966279458, vstest.console.dll, TcpClientExtensions.MessageLoopAsync: Polling on remoteEndPoint: 127.0.0.1:55622 localEndPoint: 127.0.0.1:55606
TpTrace Verbose: 0 : 2272, 13, 2021/11/13, 21:24:27.720, 58966280228, vstest.console.dll, TcpClientExtensions.MessageLoopAsync: NotifyDataAvailable remoteEndPoint: 127.0.0.1:55622 localEndPoint: 127.0.0.1:55606
TpTrace Verbose: 0 : 2272, 13, 2021/11/13, 21:24:27.720, 58966281535, vstest.console.dll, TestRequestSender.OnExecutionMessageReceived: Received message: {"Version":3,"MessageType":"TestSession.Message","Payload":{"MessageLevel":0,"Message":"[xUnit.net 00:02:28.31]         C:\\Users\\USER\\Documents\\GitHub\\Lulus-for-coverlet-test\\Lulus.UnitTests\\BAL\\Products\\ProductTest.cs(47,0): at Lulus.UnitTests.BAL.Products.ProductTest.GetAllProducts_Success_WithData()"}}
TpTrace Verbose: 0 : 2272, 13, 2021/11/13, 21:24:27.720, 58966283439, vstest.console.dll, TestRunRequest:SendTestRunMessage: Starting.
TpTrace Information: 0 : 2272, 13, 2021/11/13, 21:24:27.720, 58966284691, vstest.console.dll, TestRunRequest:SendTestRunMessage: Completed.
TpTrace Verbose: 0 : 2272, 13, 2021/11/13, 21:24:27.721, 58966285396, vstest.console.dll, TcpClientExtensions.MessageLoopAsync: Polling on remoteEndPoint: 127.0.0.1:55622 localEndPoint: 127.0.0.1:55606
TpTrace Verbose: 0 : 2272, 13, 2021/11/13, 21:24:27.721, 58966286238, vstest.console.dll, TcpClientExtensions.MessageLoopAsync: NotifyDataAvailable remoteEndPoint: 127.0.0.1:55622 localEndPoint: 127.0.0.1:55606
TpTrace Verbose: 0 : 2272, 13, 2021/11/13, 21:24:27.721, 58966287178, vstest.console.dll, TestRequestSender.OnExecutionMessageReceived: Received message: {"Version":3,"MessageType":"TestSession.Message","Payload":{"MessageLevel":0,"Message":"[xUnit.net 00:02:28.31]         --- End of stack trace from previous location ---"}}
TpTrace Verbose: 0 : 2272, 13, 2021/11/13, 21:24:27.721, 58966288752, vstest.console.dll, TestRunRequest:SendTestRunMessage: Starting.
TpTrace Information: 0 : 2272, 13, 2021/11/13, 21:24:27.721, 58966289923, vstest.console.dll, TestRunRequest:SendTestRunMessage: Completed.
TpTrace Verbose: 0 : 2272, 13, 2021/11/13, 21:24:27.721, 58966290481, vstest.console.dll, TcpClientExtensions.MessageLoopAsync: Polling on remoteEndPoint: 127.0.0.1:55622 localEndPoint: 127.0.0.1:55606
TpTrace Verbose: 0 : 2272, 13, 2021/11/13, 21:24:27.733, 58966406399, vstest.console.dll, TcpClientExtensions.MessageLoopAsync: NotifyDataAvailable remoteEndPoint: 127.0.0.1:55622 localEndPoint: 127.0.0.1:55606
TpTrace Verbose: 0 : 2272, 13, 2021/11/13, 21:24:27.733, 58966407950, vstest.console.dll, TestRequestSender.OnExecutionMessageReceived: Received message: {"Version":3,"MessageType":"TestSession.Message","Payload":{"MessageLevel":0,"Message":"[xUnit.net 00:02:28.32]   Finished:    Lulus.UnitTests"}}
TpTrace Verbose: 0 : 2272, 13, 2021/11/13, 21:24:27.733, 58966409930, vstest.console.dll, TestRunRequest:SendTestRunMessage: Starting.
TpTrace Information: 0 : 2272, 13, 2021/11/13, 21:24:27.733, 58966411120, vstest.console.dll, TestRunRequest:SendTestRunMessage: Completed.
TpTrace Verbose: 0 : 2272, 13, 2021/11/13, 21:24:27.733, 58966412012, vstest.console.dll, TcpClientExtensions.MessageLoopAsync: Polling on remoteEndPoint: 127.0.0.1:55622 localEndPoint: 127.0.0.1:55606
TpTrace Verbose: 0 : 2272, 13, 2021/11/13, 21:24:27.805, 58967131232, vstest.console.dll, TcpClientExtensions.MessageLoopAsync: NotifyDataAvailable remoteEndPoint: 127.0.0.1:55622 localEndPoint: 127.0.0.1:55606
TpTrace Verbose: 0 : 2272, 13, 2021/11/13, 21:24:27.805, 58967134208, vstest.console.dll, TestRequestSender.OnExecutionMessageReceived: Received message: {"Version":3,"MessageType":"TestExecution.Completed","Payload":{"TestRunCompleteArgs":{"TestRunStatistics":{"ExecutedTests":5,"Stats":{"Passed":4,"Failed":1}},"IsCanceled":false,"IsAborted":false,"Error":null,"AttachmentSets":[],"ElapsedTimeInRunningTests":"00:02:28.3516366","Metrics":{}},"LastRunTests":{"NewTestResults":[{"TestCase":{"Properties":[{"Key":{"Id":"TestCase.FullyQualifiedName","Label":"FullyQualifiedName","Category":"","Description":"","Attributes":1,"ValueType":"System.String"},"Value":"Lulus.UnitTests.BAL.Products.ProductTest.GetAllProducts_Success_WithData"},{"Key":{"Id":"TestCase.ExecutorUri","Label":"Executor Uri","Category":"","Description":"","Attributes":1,"ValueType":"System.Uri"},"Value":"executor://xunit/VsTestRunner2/netcoreapp"},{"Key":{"Id":"TestCase.Source","Label":"Source","Category":"","Description":"","Attributes":0,"ValueType":"System.String"},"Value":"C:\\Users\\USER\\Documents\\GitHub\\Lulus-for-coverlet-test\\Lulus.UnitTests\\bin\\Debug\\net5.0\\fine-code-coverage\\build-output\\Lulus.UnitTests.dll"},{"Key":{"Id":"TestCase.CodeFilePath","Label":"File Path","Category":"","Description":"","Attributes":0,"ValueType":"System.String"},"Value":null},{"Key":{"Id":"TestCase.DisplayName","Label":"Name","Category":"","Description":"","Attributes":0,"ValueType":"System.String"},"Value":"Lulus.UnitTests.BAL.Products.ProductTest.GetAllProducts_Success_WithData"},{"Key":{"Id":"TestCase.Id","Label":"Id","Category":"","Description":"","Attributes":1,"ValueType":"System.Guid"},"Value":"c0122788-5ff8-d88b-0766-08db3c7ef8a8"},{"Key":{"Id":"TestCase.LineNumber","Label":"Line Number","Category":"","Description":"","Attributes":1,"ValueType":"System.Int32"},"Value":0}]},"Attachments":[],"Messages":[],"Properties":[{"Key":{"Id":"TestResult.Outcome","Label":"Outcome","Category":"","Description":"","Attributes":0,"ValueType":"Microsoft.VisualStudio.TestPlatform.ObjectModel.TestOutcome, Microsoft.VisualStudio.TestPlatform.ObjectModel, Version=15.0.0.0, Culture=neutral, PublicKeyToken=b03f5f7f11d50a3a"},"Value":2},{"Key":{"Id":"TestResult.ErrorMessage","Label":"Error Message","Category":"","Description":"","Attributes":0,"ValueType":"System.String"},"Value":"System.InvalidOperationException : Sequence contains no elements"},{"Key":{"Id":"TestResult.ErrorStackTrace","Label":"Error Stack Trace","Category":"","Description":"","Attributes":0,"ValueType":"System.String"},"Value":"   at System.Linq.ThrowHelper.ThrowNoElementsException()\r\n   at System.Linq.Enumerable.First[TSource](IEnumerable`1 source)\r\n   at Lulus.UnitTests.BAL.Products.ProductTest.GetAllProducts_Success_WithData() in C:\\Users\\USER\\Documents\\GitHub\\Lulus-for-coverlet-test\\Lulus.UnitTests\\BAL\\Products\\ProductTest.cs:line 47\r\n--- End of stack trace from previous location ---"},{"Key":{"Id":"TestResult.DisplayName","Label":"TestResult Display Name","Category":"","Description":"","Attributes":1,"ValueType":"System.String"},"Value":"Lulus.UnitTests.BAL.Products.ProductTest.GetAllProducts_Success_WithData"},{"Key":{"Id":"TestResult.ComputerName","Label":"Computer Name","Category":"","Description":"","Attributes":0,"ValueType":"System.String"},"Value":"DESKTOP-EH3MAF9"},{"Key":{"Id":"TestResult.Duration","Label":"Duration","Category":"","Description":"","Attributes":0,"ValueType":"System.TimeSpan"},"Value":"00:00:06.4665494"},{"Key":{"Id":"TestResult.StartTime","Label":"Start Time","Category":"","Description":"","Attributes":0,"ValueType":"System.DateTimeOffset"},"Value":"2021-11-13T14:24:27.7225947+00:00"},{"Key":{"Id":"TestResult.EndTime","Label":"End Time","Category":"","Description":"","Attributes":0,"ValueType":"System.DateTimeOffset"},"Value":"2021-11-13T14:24:27.7225991+00:00"}]},{"TestCase":{"Properties":[{"Key":{"Id":"TestCase.FullyQualifiedName","Label":"FullyQualifiedName","Category":"","Description":"","Attributes":1,"ValueType":"System.String"},"Value":"Lulus.UnitTests.BAL.Products.ProductTest.GetAllProducts_Success_WithoutData"},{"Key":{"Id":"TestCase.ExecutorUri","Label":"Executor Uri","Category":"","Description":"","Attributes":1,"ValueType":"System.Uri"},"Value":"executor://xunit/VsTestRunner2/netcoreapp"},{"Key":{"Id":"TestCase.Source","Label":"Source","Category":"","Description":"","Attributes":0,"ValueType":"System.String"},"Value":"C:\\Users\\USER\\Documents\\GitHub\\Lulus-for-coverlet-test\\Lulus.UnitTests\\bin\\Debug\\net5.0\\fine-code-coverage\\build-output\\Lulus.UnitTests.dll"},{"Key":{"Id":"TestCase.CodeFilePath","Label":"File Path","Category":"","Description":"","Attributes":0,"ValueType":"System.String"},"Value":null},{"Key":{"Id":"TestCase.DisplayName","Label":"Name","Category":"","Description":"","Attributes":0,"ValueType":"System.String"},"Value":"Lulus.UnitTests.BAL.Products.ProductTest.GetAllProducts_Success_WithoutData"},{"Key":{"Id":"TestCase.Id","Label":"Id","Category":"","Description":"","Attributes":1,"ValueType":"System.Guid"},"Value":"871c1e23-4b39-eb26-7bb7-215fc69c3ebb"},{"Key":{"Id":"TestCase.LineNumber","Label":"Line Number","Category":"","Description":"","Attributes":1,"ValueType":"System.Int32"},"Value":0}]},"Attachments":[],"Messages":[],"Properties":[{"Key":{"Id":"TestResult.Outcome","Label":"Outcome","Category":"","Description":"","Attributes":0,"ValueType":"Microsoft.VisualStudio.TestPlatform.ObjectModel.TestOutcome, Microsoft.VisualStudio.TestPlatform.ObjectModel, Version=15.0.0.0, Culture=neutral, PublicKeyToken=b03f5f7f11d50a3a"},"Value":1},{"Key":{"Id":"TestResult.ErrorMessage","Label":"Error Message","Category":"","Description":"","Attributes":0,"ValueType":"System.String"},"Value":null},{"Key":{"Id":"TestResult.ErrorStackTrace","Label":"Error Stack Trace","Category":"","Description":"","Attributes":0,"ValueType":"System.String"},"Value":null},{"Key":{"Id":"TestResult.DisplayName","Label":"TestResult Display Name","Category":"","Description":"","Attributes":1,"ValueType":"System.String"},"Value":"Lulus.UnitTests.BAL.Products.ProductTest.GetAllProducts_Success_WithoutData"},{"Key":{"Id":"TestResult.ComputerName","Label":"Computer Name","Category":"","Description":"","Attributes":0,"ValueType":"System.String"},"Value":"DESKTOP-EH3MAF9"},{"Key":{"Id":"TestResult.Duration","Label":"Duration","Category":"","Description":"","Attributes":0,"ValueType":"System.TimeSpan"},"Value":"00:00:00.0015655"},{"Key":{"Id":"TestResult.StartTime","Label":"Start Time","Category":"","Description":"","Attributes":0,"ValueType":"System.DateTimeOffset"},"Value":"2021-11-13T14:24:27.7284375+00:00"},{"Key":{"Id":"TestResult.EndTime","Label":"End Time","Category":"","Description":"","Attributes":0,"ValueType":"System.DateTimeOffset"},"Value":"2021-11-13T14:24:27.7284404+00:00"}]}],"TestRunStatistics":{"ExecutedTests":5,"Stats":{"Passed":4,"Failed":1}},"ActiveTests":[]},"RunAttachments":[],"ExecutorUris":["executor://xunit/VsTestRunner2/netcoreapp"]}}
TpTrace Verbose: 0 : 2272, 13, 2021/11/13, 21:24:27.806, 58967142778, vstest.console.dll, TestRequestSender.EndSession: Sending end session.
TpTrace Verbose: 0 : 2272, 13, 2021/11/13, 21:24:27.807, 58967145682, vstest.console.dll, ProxyOperationManager.Close: waiting for test host to exit for 100 ms
TpTrace Warning: 0 : 2272, 13, 2021/11/13, 21:24:27.909, 58968167115, vstest.console.dll, ProxyOperationManager: Timed out waiting for test host to exit. Will terminate process.
TpTrace Warning: 0 : 2272, 11, 2021/11/13, 21:24:28.033, 58969405980, vstest.console.dll, TestHostManagerCallbacks.ErrorReceivedCallback Test host standard error line: 
TpTrace Verbose: 0 : 2272, 13, 2021/11/13, 21:24:28.043, 58969509816, vstest.console.dll, ProxyDataCollectionManager.InvokeDataCollectionServiceAction: Starting.
TpTrace Information: 0 : 2272, 13, 2021/11/13, 21:24:28.043, 58969511413, vstest.console.dll, ProxyDataCollectionManager.AfterTestRunEnd: Get attachment set for datacollector processId: 21636 port: 55602
TpTrace Verbose: 0 : 2272, 13, 2021/11/13, 21:24:28.043, 58969512592, vstest.console.dll, DataCollectionRequestSender.SendAfterTestRunStartAndGetResult : Send AfterTestRunEnd message with isCancelled: False
TpTrace Verbose: 0 : 2272, 13, 2021/11/13, 21:24:28.051, 58969589688, vstest.console.dll, DataCollectionRequestSender.SendAfterTestRunStartAndGetResult : Received message: (DataCollection.AfterTestRunEndResult) -> {
  "AttachmentSets": [],
  "Metrics": {}
}
TpTrace Information: 0 : 2272, 13, 2021/11/13, 21:24:28.057, 58969653919, vstest.console.dll, ProxyDataCollectionManager.InvokeDataCollectionServiceAction: Completed.
TpTrace Verbose: 0 : 2272, 13, 2021/11/13, 21:24:28.380, 58972883952, vstest.console.dll, TestRunRequest:SendTestRunStatsChange: Starting.
TpTrace Information: 0 : 2272, 13, 2021/11/13, 21:24:28.381, 58972885948, vstest.console.dll, TestRunRequest:SendTestRunStatsChange: Completed.
TpTrace Verbose: 0 : 2272, 13, 2021/11/13, 21:24:28.382, 58972895610, vstest.console.dll, ParallelProxyExecutionManager: HandlePartialRunComplete: Total completed clients = 1, Run complete = True, Run canceled: False.
TpTrace Warning: 0 : 2272, 6, 2021/11/13, 21:24:28.491, 58973994081, vstest.console.dll, DataCollectionLauncher.ErrorReceivedCallback datacollector standard error line: 
TpTrace Verbose: 0 : 2272, 13, 2021/11/13, 21:24:28.497, 58974053462, vstest.console.dll, TestRunRequest:TestRunComplete: Starting. IsAborted:False IsCanceled:False.
TpTrace Verbose: 0 : 2272, 13, 2021/11/13, 21:24:28.498, 58974056453, vstest.console.dll, TestLoggerManager.HandleTestRunComplete: Ignoring as the object is disposed.
TpTrace Information: 0 : 2272, 13, 2021/11/13, 21:24:28.498, 58974061539, vstest.console.dll, TestRunRequest:TestRunComplete: Completed.
TpTrace Verbose: 0 : 2272, 1, 2021/11/13, 21:24:28.498, 58974061966, vstest.console.dll, TestRunRequest.Dispose: Starting.
TpTrace Verbose: 0 : 2272, 13, 2021/11/13, 21:24:28.498, 58974062925, vstest.console.dll, TestRequestSender.SetOperationComplete: Setting operation complete.
TpTrace Information: 0 : 2272, 1, 2021/11/13, 21:24:28.498, 58974064239, vstest.console.dll, TestRunRequest.Dispose: Completed.
TpTrace Information: 0 : 2272, 13, 2021/11/13, 21:24:28.498, 58974065064, vstest.console.dll, SocketServer.Stop: Stop server endPoint: 127.0.0.1:55606
TpTrace Information: 0 : 2272, 1, 2021/11/13, 21:24:28.499, 58974066127, vstest.console.dll, TestRequestManager.RunTests: run tests completed.
TpTrace Information: 0 : 2272, 13, 2021/11/13, 21:24:28.499, 58974066229, vstest.console.dll, SocketServer.Stop: Cancellation requested. Stopping message loop.
TpTrace Information: 0 : 2272, 13, 2021/11/13, 21:24:28.499, 58974067746, vstest.console.dll, SocketServer.PrivateStop: Stop server endPoint: 127.0.0.1:55606 error: 
TpTrace Information: 0 : 2272, 1, 2021/11/13, 21:24:28.499, 58974068095, vstest.console.dll, RunTestsArgumentProcessor:Execute: Test run is completed.
TpTrace Verbose: 0 : 2272, 1, 2021/11/13, 21:24:28.499, 58974072022, vstest.console.dll, Executor.Execute: Exiting with exit code of 1
TpTrace Verbose: 0 : 2272, 13, 2021/11/13, 21:24:28.500, 58974079180, vstest.console.dll, LengthPrefixCommunicationChannel.Dispose: Dispose reader and writer.
TpTrace Information: 0 : 2272, 13, 2021/11/13, 21:24:28.500, 58974081130, vstest.console.dll, SocketServer.Stop: Raise disconnected event endPoint: 127.0.0.1:55606 error: 
TpTrace Verbose: 0 : 2272, 13, 2021/11/13, 21:24:28.500, 58974082295, vstest.console.dll, TestRequestSender: OnTestRunAbort: Operation is already complete. Skip error message.
TpTrace Verbose: 0 : 2272, 13, 2021/11/13, 21:24:28.500, 58974082973, vstest.console.dll, TcpClientExtensions.MessageLoopAsync: exiting MessageLoopAsync remoteEndPoint: 127.0.0.1:55622 localEndPoint: 127.0.0.1:55606
